2023-08-20 19:01:02,652 - INFO - autoreload - autoreload.py - Watching for file changes with StatReloader
2023-08-20 19:01:41,618 - INFO - autoreload - autoreload.py - Watching for file changes with StatReloader
2023-08-20 19:04:14,281 - INFO - autoreload - autoreload.py - Watching for file changes with StatReloader
2023-08-20 19:04:52,577 - INFO - autoreload - autoreload.py - Watching for file changes with StatReloader
2023-08-20 19:05:24,924 - INFO - autoreload - autoreload.py - /Users/imacson/Desktop/python_project/HomeworkDjangoPython/Homework/Homework/settings.py changed, reloading.
2023-08-20 19:05:25,175 - INFO - autoreload - autoreload.py - Watching for file changes with StatReloader
2023-08-20 19:06:08,234 - INFO - autoreload - autoreload.py - Watching for file changes with StatReloader
2023-08-20 19:06:38,908 - INFO - autoreload - autoreload.py - Watching for file changes with StatReloader
2023-08-20 19:09:51,289 - INFO - autoreload - autoreload.py - Watching for file changes with StatReloader
2023-08-20 19:12:11,658 - INFO - autoreload - autoreload.py - Watching for file changes with StatReloader
2023-08-20 19:12:56,908 - INFO - autoreload - autoreload.py - Watching for file changes with StatReloader
2023-08-20 19:13:12,138 - INFO - autoreload - autoreload.py - /Users/imacson/Desktop/python_project/HomeworkDjangoPython/Homework/Homework/settings.py changed, reloading.
2023-08-20 19:13:12,432 - INFO - autoreload - autoreload.py - Watching for file changes with StatReloader
2023-08-20 19:13:48,937 - INFO - autoreload - autoreload.py - Watching for file changes with StatReloader
2023-08-20 19:16:10,583 - INFO - autoreload - autoreload.py - Watching for file changes with StatReloader
2023-08-20 19:16:14,142 - INFO - basehttp - basehttp.py - "GET / HTTP/1.1" 200 371
2023-08-20 19:16:16,893 - INFO - basehttp - basehttp.py - "GET /about_me HTTP/1.1" 200 361
2023-08-20 19:16:17,591 - INFO - basehttp - basehttp.py - "GET /home HTTP/1.1" 200 371
2023-08-20 19:16:18,091 - INFO - basehttp - basehttp.py - "GET /about_me HTTP/1.1" 200 361
2023-08-20 19:16:18,391 - INFO - basehttp - basehttp.py - "GET /home HTTP/1.1" 200 371
2023-08-20 19:16:18,624 - INFO - basehttp - basehttp.py - "GET /about_me HTTP/1.1" 200 361
2023-08-20 19:16:18,858 - INFO - basehttp - basehttp.py - "GET /home HTTP/1.1" 200 371
2023-08-20 19:16:19,057 - INFO - basehttp - basehttp.py - "GET /about_me HTTP/1.1" 200 361
2023-08-20 19:16:19,241 - INFO - basehttp - basehttp.py - "GET /home HTTP/1.1" 200 371
2023-08-20 19:16:19,442 - INFO - basehttp - basehttp.py - "GET /about_me HTTP/1.1" 200 361
2023-08-20 19:16:19,658 - INFO - basehttp - basehttp.py - "GET /home HTTP/1.1" 200 371
2023-08-20 19:16:19,841 - INFO - basehttp - basehttp.py - "GET /about_me HTTP/1.1" 200 361
2023-08-20 19:16:20,041 - INFO - basehttp - basehttp.py - "GET /home HTTP/1.1" 200 371
2023-08-20 19:16:20,242 - INFO - basehttp - basehttp.py - "GET /about_me HTTP/1.1" 200 361
2023-08-20 19:16:20,425 - INFO - basehttp - basehttp.py - "GET /home HTTP/1.1" 200 371
2023-08-20 19:16:20,625 - INFO - basehttp - basehttp.py - "GET /about_me HTTP/1.1" 200 361
2023-08-20 19:16:20,791 - INFO - basehttp - basehttp.py - "GET /home HTTP/1.1" 200 371
2023-08-20 19:16:20,975 - INFO - basehttp - basehttp.py - "GET /about_me HTTP/1.1" 200 361
2023-08-21 11:03:51,469 - INFO - autoreload - autoreload.py - Watching for file changes with StatReloader
2023-08-21 11:03:54,507 - INFO - basehttp - basehttp.py - "GET / HTTP/1.1" 200 371
2023-08-21 11:03:56,572 - INFO - basehttp - basehttp.py - "GET /about_me HTTP/1.1" 200 361
2023-08-21 11:03:57,542 - INFO - basehttp - basehttp.py - "GET /home HTTP/1.1" 200 371
2023-08-21 11:03:58,004 - INFO - basehttp - basehttp.py - "GET /about_me HTTP/1.1" 200 361
2023-08-21 11:03:58,338 - INFO - basehttp - basehttp.py - "GET /home HTTP/1.1" 200 371
2023-08-21 11:03:58,671 - INFO - basehttp - basehttp.py - "GET /about_me HTTP/1.1" 200 361
2023-08-21 11:03:58,921 - INFO - basehttp - basehttp.py - "GET /home HTTP/1.1" 200 371
2023-08-21 11:03:59,122 - INFO - basehttp - basehttp.py - "GET /about_me HTTP/1.1" 200 361
2023-08-21 11:03:59,339 - INFO - basehttp - basehttp.py - "GET /home HTTP/1.1" 200 371
2023-08-21 11:03:59,505 - INFO - basehttp - basehttp.py - "GET /about_me HTTP/1.1" 200 361
2023-08-21 11:03:59,722 - INFO - basehttp - basehttp.py - "GET /home HTTP/1.1" 200 371
2023-08-21 11:06:59,487 - INFO - autoreload - autoreload.py - Watching for file changes with StatReloader
2023-08-21 11:07:03,310 - INFO - basehttp - basehttp.py - "GET / HTTP/1.1" 200 371
2023-08-21 11:07:05,615 - INFO - basehttp - basehttp.py - "GET /about_me HTTP/1.1" 200 361
2023-08-21 11:07:06,647 - INFO - basehttp - basehttp.py - "GET /home HTTP/1.1" 200 371
2023-08-21 11:07:07,097 - INFO - basehttp - basehttp.py - "GET /about_me HTTP/1.1" 200 361
2023-08-21 11:07:07,430 - INFO - basehttp - basehttp.py - "GET /home HTTP/1.1" 200 371
2023-08-21 11:07:07,814 - INFO - basehttp - basehttp.py - "GET /about_me HTTP/1.1" 200 361
2023-08-25 15:33:13,252 - INFO - autoreload - autoreload.py - /Users/imacson/Desktop/python_project/HomeworkDjangoPython/Homework/Homework2app/models.py changed, reloading.
2023-08-25 15:33:13,589 - INFO - autoreload - autoreload.py - Watching for file changes with StatReloader
2023-08-25 15:33:15,729 - INFO - autoreload - autoreload.py - /Users/imacson/Desktop/python_project/HomeworkDjangoPython/Homework/Homework/urls.py changed, reloading.
2023-08-25 15:33:16,103 - INFO - autoreload - autoreload.py - Watching for file changes with StatReloader
2023-08-25 15:50:15,556 - INFO - autoreload - autoreload.py - Watching for file changes with StatReloader
2023-08-25 15:54:25,716 - INFO - autoreload - autoreload.py - /Users/imacson/Desktop/python_project/HomeworkDjangoPython/Homework/Homework2app/models.py changed, reloading.
2023-08-25 15:54:26,046 - INFO - autoreload - autoreload.py - Watching for file changes with StatReloader
2023-08-25 15:55:23,167 - INFO - autoreload - autoreload.py - Watching for file changes with StatReloader
2023-08-25 15:56:34,912 - INFO - autoreload - autoreload.py - /Users/imacson/Desktop/python_project/HomeworkDjangoPython/Homework/Homework/urls.py changed, reloading.
2023-08-25 15:56:35,236 - INFO - autoreload - autoreload.py - Watching for file changes with StatReloader
2023-08-25 15:58:13,345 - INFO - autoreload - autoreload.py - Watching for file changes with StatReloader
2023-08-25 16:01:43,581 - INFO - autoreload - autoreload.py - Watching for file changes with StatReloader
2023-08-25 16:01:46,926 - ERROR - log - log.py - Internal Server Error: /
Traceback (most recent call last):
  File "/Users/imacson/Desktop/python_project/HomeworkDjangoPython/venv/lib/python3.9/site-packages/django/core/handlers/exception.py", line 55, in inner
    response = get_response(request)
  File "/Users/imacson/Desktop/python_project/HomeworkDjangoPython/venv/lib/python3.9/site-packages/django/core/handlers/base.py", line 197, in _get_response
    response = wrapped_callback(request, *callback_args, **callback_kwargs)
  File "/Users/imacson/Desktop/python_project/HomeworkDjangoPython/Homework/Homework2app/views.py", line 14, in index
    return render(reqwest, 'Homework2/index.html', {'menu': menu, 'title': 'Главная страница'})
  File "/Users/imacson/Desktop/python_project/HomeworkDjangoPython/venv/lib/python3.9/site-packages/django/shortcuts.py", line 24, in render
    content = loader.render_to_string(template_name, context, request, using=using)
  File "/Users/imacson/Desktop/python_project/HomeworkDjangoPython/venv/lib/python3.9/site-packages/django/template/loader.py", line 61, in render_to_string
    template = get_template(template_name, using=using)
  File "/Users/imacson/Desktop/python_project/HomeworkDjangoPython/venv/lib/python3.9/site-packages/django/template/loader.py", line 15, in get_template
    return engine.get_template(template_name)
  File "/Users/imacson/Desktop/python_project/HomeworkDjangoPython/venv/lib/python3.9/site-packages/django/template/backends/django.py", line 33, in get_template
    return Template(self.engine.get_template(template_name), self)
  File "/Users/imacson/Desktop/python_project/HomeworkDjangoPython/venv/lib/python3.9/site-packages/django/template/engine.py", line 175, in get_template
    template, origin = self.find_template(template_name)
  File "/Users/imacson/Desktop/python_project/HomeworkDjangoPython/venv/lib/python3.9/site-packages/django/template/engine.py", line 157, in find_template
    template = loader.get_template(name, skip=skip)
  File "/Users/imacson/Desktop/python_project/HomeworkDjangoPython/venv/lib/python3.9/site-packages/django/template/loaders/cached.py", line 57, in get_template
    template = super().get_template(template_name, skip)
  File "/Users/imacson/Desktop/python_project/HomeworkDjangoPython/venv/lib/python3.9/site-packages/django/template/loaders/base.py", line 28, in get_template
    return Template(
  File "/Users/imacson/Desktop/python_project/HomeworkDjangoPython/venv/lib/python3.9/site-packages/django/template/base.py", line 154, in __init__
    self.nodelist = self.compile_nodelist()
  File "/Users/imacson/Desktop/python_project/HomeworkDjangoPython/venv/lib/python3.9/site-packages/django/template/base.py", line 200, in compile_nodelist
    return parser.parse()
  File "/Users/imacson/Desktop/python_project/HomeworkDjangoPython/venv/lib/python3.9/site-packages/django/template/base.py", line 513, in parse
    raise self.error(token, e)
  File "/Users/imacson/Desktop/python_project/HomeworkDjangoPython/venv/lib/python3.9/site-packages/django/template/base.py", line 511, in parse
    compiled_result = compile_func(self, token)
  File "/Users/imacson/Desktop/python_project/HomeworkDjangoPython/venv/lib/python3.9/site-packages/django/template/loader_tags.py", line 293, in do_extends
    nodelist = parser.parse()
  File "/Users/imacson/Desktop/python_project/HomeworkDjangoPython/venv/lib/python3.9/site-packages/django/template/base.py", line 513, in parse
    raise self.error(token, e)
  File "/Users/imacson/Desktop/python_project/HomeworkDjangoPython/venv/lib/python3.9/site-packages/django/template/base.py", line 511, in parse
    compiled_result = compile_func(self, token)
  File "/Users/imacson/Desktop/python_project/HomeworkDjangoPython/venv/lib/python3.9/site-packages/django/template/loader_tags.py", line 226, in do_block
    raise TemplateSyntaxError(
django.template.exceptions.TemplateSyntaxError: 'block' tag with name 'content' appears more than once
2023-08-25 16:01:46,929 - ERROR - basehttp - basehttp.py - "GET / HTTP/1.1" 500 146811
2023-08-25 16:01:47,017 - WARNING - log - log.py - Not Found: /favicon.ico
2023-08-25 16:01:47,017 - WARNING - basehttp - basehttp.py - "GET /favicon.ico HTTP/1.1" 404 3081
2023-08-25 16:02:20,010 - INFO - basehttp - basehttp.py - "GET / HTTP/1.1" 200 169
2023-08-25 16:02:39,515 - INFO - basehttp - basehttp.py - "GET / HTTP/1.1" 200 143
2023-08-25 16:02:40,298 - INFO - basehttp - basehttp.py - "GET / HTTP/1.1" 200 143
2023-08-25 16:02:49,534 - INFO - basehttp - basehttp.py - "GET / HTTP/1.1" 200 634
2023-08-25 16:02:51,432 - INFO - basehttp - basehttp.py - "GET /client HTTP/1.1" 200 764
2023-08-25 16:05:17,282 - INFO - basehttp - basehttp.py - "GET /client HTTP/1.1" 200 659
2023-08-25 16:05:19,963 - INFO - basehttp - basehttp.py - "GET /create_client HTTP/1.1" 200 1187
2023-08-25 16:05:27,837 - INFO - basehttp - basehttp.py - "POST /create_client HTTP/1.1" 200 40
2023-08-25 16:05:35,519 - INFO - basehttp - basehttp.py - "GET /client HTTP/1.1" 200 738
2023-08-25 18:31:40,255 - INFO - basehttp - basehttp.py - "GET /create_client HTTP/1.1" 200 1187
2023-08-25 18:31:42,732 - INFO - basehttp - basehttp.py - "GET /about HTTP/1.1" 200 629
2023-08-25 18:35:45,660 - INFO - autoreload - autoreload.py - /Users/imacson/Desktop/python_project/HomeworkDjangoPython/Homework/Homework2app/models.py changed, reloading.
2023-08-25 18:35:46,016 - INFO - autoreload - autoreload.py - Watching for file changes with StatReloader
2023-08-25 18:37:05,842 - INFO - autoreload - autoreload.py - /Users/imacson/Desktop/python_project/HomeworkDjangoPython/Homework/Homework2app/models.py changed, reloading.
2023-08-25 18:37:06,145 - INFO - autoreload - autoreload.py - Watching for file changes with StatReloader
2023-08-25 19:08:27,847 - INFO - basehttp - basehttp.py - "GET / HTTP/1.1" 200 634
2023-08-25 19:08:28,593 - INFO - autoreload - autoreload.py - /Users/imacson/Desktop/python_project/HomeworkDjangoPython/Homework/Homework2app/views.py changed, reloading.
2023-08-25 19:08:28,944 - INFO - autoreload - autoreload.py - Watching for file changes with StatReloader
2023-08-25 19:08:29,644 - INFO - basehttp - basehttp.py - "GET /client HTTP/1.1" 200 738
2023-08-25 19:08:37,774 - INFO - basehttp - basehttp.py - "GET /create_client HTTP/1.1" 200 1187
2023-08-25 19:09:22,156 - INFO - basehttp - basehttp.py - "GET /create_client HTTP/1.1" 200 1189
2023-08-25 19:10:57,276 - ERROR - log - log.py - Internal Server Error: /create_client
Traceback (most recent call last):
  File "/Users/imacson/Desktop/python_project/HomeworkDjangoPython/venv/lib/python3.9/site-packages/django/core/handlers/exception.py", line 55, in inner
    response = get_response(request)
  File "/Users/imacson/Desktop/python_project/HomeworkDjangoPython/venv/lib/python3.9/site-packages/django/core/handlers/base.py", line 197, in _get_response
    response = wrapped_callback(request, *callback_args, **callback_kwargs)
  File "/Users/imacson/Desktop/python_project/HomeworkDjangoPython/Homework/Homework2app/views.py", line 46, in create_client
    return render(request, {'Добавлен новый клиент'})
  File "/Users/imacson/Desktop/python_project/HomeworkDjangoPython/venv/lib/python3.9/site-packages/django/shortcuts.py", line 24, in render
    content = loader.render_to_string(template_name, context, request, using=using)
  File "/Users/imacson/Desktop/python_project/HomeworkDjangoPython/venv/lib/python3.9/site-packages/django/template/loader.py", line 61, in render_to_string
    template = get_template(template_name, using=using)
  File "/Users/imacson/Desktop/python_project/HomeworkDjangoPython/venv/lib/python3.9/site-packages/django/template/loader.py", line 15, in get_template
    return engine.get_template(template_name)
  File "/Users/imacson/Desktop/python_project/HomeworkDjangoPython/venv/lib/python3.9/site-packages/django/template/backends/django.py", line 33, in get_template
    return Template(self.engine.get_template(template_name), self)
  File "/Users/imacson/Desktop/python_project/HomeworkDjangoPython/venv/lib/python3.9/site-packages/django/template/engine.py", line 175, in get_template
    template, origin = self.find_template(template_name)
  File "/Users/imacson/Desktop/python_project/HomeworkDjangoPython/venv/lib/python3.9/site-packages/django/template/engine.py", line 157, in find_template
    template = loader.get_template(name, skip=skip)
  File "/Users/imacson/Desktop/python_project/HomeworkDjangoPython/venv/lib/python3.9/site-packages/django/template/loaders/cached.py", line 57, in get_template
    template = super().get_template(template_name, skip)
  File "/Users/imacson/Desktop/python_project/HomeworkDjangoPython/venv/lib/python3.9/site-packages/django/template/loaders/base.py", line 17, in get_template
    for origin in self.get_template_sources(template_name):
  File "/Users/imacson/Desktop/python_project/HomeworkDjangoPython/venv/lib/python3.9/site-packages/django/template/loaders/cached.py", line 70, in get_template_sources
    yield from loader.get_template_sources(template_name)
  File "/Users/imacson/Desktop/python_project/HomeworkDjangoPython/venv/lib/python3.9/site-packages/django/template/loaders/filesystem.py", line 35, in get_template_sources
    name = safe_join(template_dir, template_name)
  File "/Users/imacson/Desktop/python_project/HomeworkDjangoPython/venv/lib/python3.9/site-packages/django/utils/_os.py", line 17, in safe_join
    final_path = abspath(join(base, *paths))
  File "/Library/Frameworks/Python.framework/Versions/3.9/lib/python3.9/posixpath.py", line 90, in join
    genericpath._check_arg_types('join', a, *p)
  File "/Library/Frameworks/Python.framework/Versions/3.9/lib/python3.9/genericpath.py", line 152, in _check_arg_types
    raise TypeError(f'{funcname}() argument must be str, bytes, or '
TypeError: join() argument must be str, bytes, or os.PathLike object, not 'set'
2023-08-25 19:10:57,283 - ERROR - basehttp - basehttp.py - "POST /create_client HTTP/1.1" 500 122159
2023-08-25 19:16:43,292 - ERROR - log - log.py - Internal Server Error: /create_client
Traceback (most recent call last):
  File "/Users/imacson/Desktop/python_project/HomeworkDjangoPython/venv/lib/python3.9/site-packages/django/core/handlers/exception.py", line 55, in inner
    response = get_response(request)
  File "/Users/imacson/Desktop/python_project/HomeworkDjangoPython/venv/lib/python3.9/site-packages/django/core/handlers/base.py", line 197, in _get_response
    response = wrapped_callback(request, *callback_args, **callback_kwargs)
  File "/Users/imacson/Desktop/python_project/HomeworkDjangoPython/Homework/Homework2app/views.py", line 46, in create_client
    return render(request, {'Добавлен новый клиент'})
  File "/Users/imacson/Desktop/python_project/HomeworkDjangoPython/venv/lib/python3.9/site-packages/django/shortcuts.py", line 24, in render
    content = loader.render_to_string(template_name, context, request, using=using)
  File "/Users/imacson/Desktop/python_project/HomeworkDjangoPython/venv/lib/python3.9/site-packages/django/template/loader.py", line 61, in render_to_string
    template = get_template(template_name, using=using)
  File "/Users/imacson/Desktop/python_project/HomeworkDjangoPython/venv/lib/python3.9/site-packages/django/template/loader.py", line 15, in get_template
    return engine.get_template(template_name)
  File "/Users/imacson/Desktop/python_project/HomeworkDjangoPython/venv/lib/python3.9/site-packages/django/template/backends/django.py", line 33, in get_template
    return Template(self.engine.get_template(template_name), self)
  File "/Users/imacson/Desktop/python_project/HomeworkDjangoPython/venv/lib/python3.9/site-packages/django/template/engine.py", line 175, in get_template
    template, origin = self.find_template(template_name)
  File "/Users/imacson/Desktop/python_project/HomeworkDjangoPython/venv/lib/python3.9/site-packages/django/template/engine.py", line 157, in find_template
    template = loader.get_template(name, skip=skip)
  File "/Users/imacson/Desktop/python_project/HomeworkDjangoPython/venv/lib/python3.9/site-packages/django/template/loaders/cached.py", line 57, in get_template
    template = super().get_template(template_name, skip)
  File "/Users/imacson/Desktop/python_project/HomeworkDjangoPython/venv/lib/python3.9/site-packages/django/template/loaders/base.py", line 17, in get_template
    for origin in self.get_template_sources(template_name):
  File "/Users/imacson/Desktop/python_project/HomeworkDjangoPython/venv/lib/python3.9/site-packages/django/template/loaders/cached.py", line 70, in get_template_sources
    yield from loader.get_template_sources(template_name)
  File "/Users/imacson/Desktop/python_project/HomeworkDjangoPython/venv/lib/python3.9/site-packages/django/template/loaders/filesystem.py", line 35, in get_template_sources
    name = safe_join(template_dir, template_name)
  File "/Users/imacson/Desktop/python_project/HomeworkDjangoPython/venv/lib/python3.9/site-packages/django/utils/_os.py", line 17, in safe_join
    final_path = abspath(join(base, *paths))
  File "/Library/Frameworks/Python.framework/Versions/3.9/lib/python3.9/posixpath.py", line 90, in join
    genericpath._check_arg_types('join', a, *p)
  File "/Library/Frameworks/Python.framework/Versions/3.9/lib/python3.9/genericpath.py", line 152, in _check_arg_types
    raise TypeError(f'{funcname}() argument must be str, bytes, or '
TypeError: join() argument must be str, bytes, or os.PathLike object, not 'set'
2023-08-25 19:16:43,293 - ERROR - basehttp - basehttp.py - "POST /create_client HTTP/1.1" 500 122159
2023-08-25 19:17:28,618 - INFO - autoreload - autoreload.py - /Users/imacson/Desktop/python_project/HomeworkDjangoPython/Homework/Homework2app/views.py changed, reloading.
2023-08-25 19:17:28,991 - INFO - autoreload - autoreload.py - Watching for file changes with StatReloader
2023-08-25 19:17:30,154 - INFO - basehttp - basehttp.py - "POST /create_client HTTP/1.1" 200 730
2023-08-25 19:17:33,280 - INFO - basehttp - basehttp.py - "GET /create_client HTTP/1.1" 200 1189
2023-08-25 19:17:35,980 - ERROR - log - log.py - Internal Server Error: /create_client
Traceback (most recent call last):
  File "/Users/imacson/Desktop/python_project/HomeworkDjangoPython/venv/lib/python3.9/site-packages/django/db/models/fields/__init__.py", line 2053, in get_prep_value
    return int(value)
ValueError: invalid literal for int() with base 10: ''

The above exception was the direct cause of the following exception:

Traceback (most recent call last):
  File "/Users/imacson/Desktop/python_project/HomeworkDjangoPython/venv/lib/python3.9/site-packages/django/core/handlers/exception.py", line 55, in inner
    response = get_response(request)
  File "/Users/imacson/Desktop/python_project/HomeworkDjangoPython/venv/lib/python3.9/site-packages/django/core/handlers/base.py", line 197, in _get_response
    response = wrapped_callback(request, *callback_args, **callback_kwargs)
  File "/Users/imacson/Desktop/python_project/HomeworkDjangoPython/Homework/Homework2app/views.py", line 44, in create_client
    new_client.save()
  File "/Users/imacson/Desktop/python_project/HomeworkDjangoPython/venv/lib/python3.9/site-packages/django/db/models/base.py", line 814, in save
    self.save_base(
  File "/Users/imacson/Desktop/python_project/HomeworkDjangoPython/venv/lib/python3.9/site-packages/django/db/models/base.py", line 877, in save_base
    updated = self._save_table(
  File "/Users/imacson/Desktop/python_project/HomeworkDjangoPython/venv/lib/python3.9/site-packages/django/db/models/base.py", line 1020, in _save_table
    results = self._do_insert(
  File "/Users/imacson/Desktop/python_project/HomeworkDjangoPython/venv/lib/python3.9/site-packages/django/db/models/base.py", line 1061, in _do_insert
    return manager._insert(
  File "/Users/imacson/Desktop/python_project/HomeworkDjangoPython/venv/lib/python3.9/site-packages/django/db/models/manager.py", line 87, in manager_method
    return getattr(self.get_queryset(), name)(*args, **kwargs)
  File "/Users/imacson/Desktop/python_project/HomeworkDjangoPython/venv/lib/python3.9/site-packages/django/db/models/query.py", line 1805, in _insert
    return query.get_compiler(using=using).execute_sql(returning_fields)
  File "/Users/imacson/Desktop/python_project/HomeworkDjangoPython/venv/lib/python3.9/site-packages/django/db/models/sql/compiler.py", line 1821, in execute_sql
    for sql, params in self.as_sql():
  File "/Users/imacson/Desktop/python_project/HomeworkDjangoPython/venv/lib/python3.9/site-packages/django/db/models/sql/compiler.py", line 1745, in as_sql
    value_rows = [
  File "/Users/imacson/Desktop/python_project/HomeworkDjangoPython/venv/lib/python3.9/site-packages/django/db/models/sql/compiler.py", line 1746, in <listcomp>
    [
  File "/Users/imacson/Desktop/python_project/HomeworkDjangoPython/venv/lib/python3.9/site-packages/django/db/models/sql/compiler.py", line 1747, in <listcomp>
    self.prepare_value(field, self.pre_save_val(field, obj))
  File "/Users/imacson/Desktop/python_project/HomeworkDjangoPython/venv/lib/python3.9/site-packages/django/db/models/sql/compiler.py", line 1686, in prepare_value
    return field.get_db_prep_save(value, connection=self.connection)
  File "/Users/imacson/Desktop/python_project/HomeworkDjangoPython/venv/lib/python3.9/site-packages/django/db/models/fields/__init__.py", line 954, in get_db_prep_save
    return self.get_db_prep_value(value, connection=connection, prepared=False)
  File "/Users/imacson/Desktop/python_project/HomeworkDjangoPython/venv/lib/python3.9/site-packages/django/db/models/fields/__init__.py", line 2060, in get_db_prep_value
    value = super().get_db_prep_value(value, connection, prepared)
  File "/Users/imacson/Desktop/python_project/HomeworkDjangoPython/venv/lib/python3.9/site-packages/django/db/models/fields/__init__.py", line 947, in get_db_prep_value
    value = self.get_prep_value(value)
  File "/Users/imacson/Desktop/python_project/HomeworkDjangoPython/venv/lib/python3.9/site-packages/django/db/models/fields/__init__.py", line 2055, in get_prep_value
    raise e.__class__(
ValueError: Field 'telefone_number' expected a number but got ''.
2023-08-25 19:17:35,984 - ERROR - basehttp - basehttp.py - "POST /create_client HTTP/1.1" 500 139870
2023-08-25 19:18:32,839 - INFO - autoreload - autoreload.py - /Users/imacson/Desktop/python_project/HomeworkDjangoPython/Homework/Homework2app/views.py changed, reloading.
2023-08-25 19:18:33,181 - INFO - autoreload - autoreload.py - Watching for file changes with StatReloader
2023-08-25 19:20:01,089 - INFO - autoreload - autoreload.py - /Users/imacson/Desktop/python_project/HomeworkDjangoPython/Homework/Homework2app/views.py changed, reloading.
2023-08-25 19:20:01,444 - INFO - autoreload - autoreload.py - Watching for file changes with StatReloader
2023-08-25 19:23:00,136 - INFO - autoreload - autoreload.py - /Users/imacson/Desktop/python_project/HomeworkDjangoPython/Homework/Homework2app/views.py changed, reloading.
2023-08-25 19:23:00,499 - INFO - autoreload - autoreload.py - Watching for file changes with StatReloader
2023-08-25 19:23:03,290 - INFO - basehttp - basehttp.py - "POST /create_client HTTP/1.1" 200 816
2023-08-25 19:23:06,531 - INFO - basehttp - basehttp.py - "GET /create_client HTTP/1.1" 200 1189
2023-08-25 19:23:12,119 - INFO - basehttp - basehttp.py - "POST /create_client HTTP/1.1" 200 816
2023-08-25 19:23:14,599 - INFO - basehttp - basehttp.py - "GET /create_client HTTP/1.1" 200 1189
2023-08-25 19:24:06,644 - INFO - basehttp - basehttp.py - "POST /create_client HTTP/1.1" 200 730
2023-08-25 19:24:09,216 - INFO - basehttp - basehttp.py - "GET /create_client HTTP/1.1" 200 1189
2023-08-25 19:24:15,588 - INFO - basehttp - basehttp.py - "POST /create_client HTTP/1.1" 200 816
2023-08-25 19:24:17,986 - INFO - basehttp - basehttp.py - "GET /create_client HTTP/1.1" 200 1189
2023-08-25 19:30:04,251 - INFO - autoreload - autoreload.py - /Users/imacson/Desktop/python_project/HomeworkDjangoPython/Homework/Homework2app/urls.py changed, reloading.
2023-08-25 19:30:04,601 - INFO - autoreload - autoreload.py - Watching for file changes with StatReloader
2023-08-25 19:31:31,414 - INFO - autoreload - autoreload.py - /Users/imacson/Desktop/python_project/HomeworkDjangoPython/Homework/Homework2app/urls.py changed, reloading.
2023-08-25 19:31:31,720 - INFO - autoreload - autoreload.py - Watching for file changes with StatReloader
2023-08-25 19:31:35,842 - INFO - basehttp - basehttp.py - "GET / HTTP/1.1" 200 634
2023-08-25 19:31:37,548 - ERROR - log - log.py - Internal Server Error: /client
Traceback (most recent call last):
  File "/Users/imacson/Desktop/python_project/HomeworkDjangoPython/venv/lib/python3.9/site-packages/django/template/backends/django.py", line 61, in render
    return self.template.render(context)
  File "/Users/imacson/Desktop/python_project/HomeworkDjangoPython/venv/lib/python3.9/site-packages/django/template/base.py", line 175, in render
    return self._render(context)
  File "/Users/imacson/Desktop/python_project/HomeworkDjangoPython/venv/lib/python3.9/site-packages/django/template/base.py", line 167, in _render
    return self.nodelist.render(context)
  File "/Users/imacson/Desktop/python_project/HomeworkDjangoPython/venv/lib/python3.9/site-packages/django/template/base.py", line 1005, in render
    return SafeString("".join([node.render_annotated(context) for node in self]))
  File "/Users/imacson/Desktop/python_project/HomeworkDjangoPython/venv/lib/python3.9/site-packages/django/template/base.py", line 1005, in <listcomp>
    return SafeString("".join([node.render_annotated(context) for node in self]))
  File "/Users/imacson/Desktop/python_project/HomeworkDjangoPython/venv/lib/python3.9/site-packages/django/template/base.py", line 966, in render_annotated
    return self.render(context)
  File "/Users/imacson/Desktop/python_project/HomeworkDjangoPython/venv/lib/python3.9/site-packages/django/template/loader_tags.py", line 132, in render
    compiled_parent = self.get_parent(context)
  File "/Users/imacson/Desktop/python_project/HomeworkDjangoPython/venv/lib/python3.9/site-packages/django/template/loader_tags.py", line 129, in get_parent
    return self.find_template(parent, context)
  File "/Users/imacson/Desktop/python_project/HomeworkDjangoPython/venv/lib/python3.9/site-packages/django/template/loader_tags.py", line 107, in find_template
    template, origin = context.template.engine.find_template(
  File "/Users/imacson/Desktop/python_project/HomeworkDjangoPython/venv/lib/python3.9/site-packages/django/template/engine.py", line 161, in find_template
    raise TemplateDoesNotExist(name, tried=tried)
django.template.exceptions.TemplateDoesNotExist: Homework2/client/base.html

The above exception was the direct cause of the following exception:

Traceback (most recent call last):
  File "/Users/imacson/Desktop/python_project/HomeworkDjangoPython/venv/lib/python3.9/site-packages/django/core/handlers/exception.py", line 55, in inner
    response = get_response(request)
  File "/Users/imacson/Desktop/python_project/HomeworkDjangoPython/venv/lib/python3.9/site-packages/django/core/handlers/base.py", line 197, in _get_response
    response = wrapped_callback(request, *callback_args, **callback_kwargs)
  File "/Users/imacson/Desktop/python_project/HomeworkDjangoPython/Homework/Homework2app/views.py", line 23, in client
    return render(reqwest, 'Homework2/client/client.html', {'posts': posts, 'title': 'Все клиенты'})
  File "/Users/imacson/Desktop/python_project/HomeworkDjangoPython/venv/lib/python3.9/site-packages/django/shortcuts.py", line 24, in render
    content = loader.render_to_string(template_name, context, request, using=using)
  File "/Users/imacson/Desktop/python_project/HomeworkDjangoPython/venv/lib/python3.9/site-packages/django/template/loader.py", line 62, in render_to_string
    return template.render(context, request)
  File "/Users/imacson/Desktop/python_project/HomeworkDjangoPython/venv/lib/python3.9/site-packages/django/template/backends/django.py", line 63, in render
    reraise(exc, self.backend)
  File "/Users/imacson/Desktop/python_project/HomeworkDjangoPython/venv/lib/python3.9/site-packages/django/template/backends/django.py", line 84, in reraise
    raise new from exc
django.template.exceptions.TemplateDoesNotExist: Homework2/client/base.html
2023-08-25 19:31:37,551 - ERROR - basehttp - basehttp.py - "GET /client HTTP/1.1" 500 129972
2023-08-25 19:32:12,284 - INFO - basehttp - basehttp.py - "GET /client HTTP/1.1" 200 1213
2023-08-25 19:34:03,449 - INFO - basehttp - basehttp.py - "GET /client HTTP/1.1" 200 1213
2023-08-25 19:36:33,031 - INFO - basehttp - basehttp.py - "GET /client HTTP/1.1" 200 1299
2023-08-25 19:36:34,463 - ERROR - log - log.py - Internal Server Error: /read_client
Traceback (most recent call last):
  File "/Users/imacson/Desktop/python_project/HomeworkDjangoPython/venv/lib/python3.9/site-packages/django/core/handlers/exception.py", line 55, in inner
    response = get_response(request)
  File "/Users/imacson/Desktop/python_project/HomeworkDjangoPython/venv/lib/python3.9/site-packages/django/core/handlers/base.py", line 197, in _get_response
    response = wrapped_callback(request, *callback_args, **callback_kwargs)
TypeError: read_client() missing 1 required positional argument: 'client_id'
2023-08-25 19:36:34,464 - ERROR - basehttp - basehttp.py - "GET /read_client HTTP/1.1" 500 56872
2023-08-25 19:37:25,011 - ERROR - log - log.py - Internal Server Error: /read_client
Traceback (most recent call last):
  File "/Users/imacson/Desktop/python_project/HomeworkDjangoPython/venv/lib/python3.9/site-packages/django/core/handlers/exception.py", line 55, in inner
    response = get_response(request)
  File "/Users/imacson/Desktop/python_project/HomeworkDjangoPython/venv/lib/python3.9/site-packages/django/core/handlers/base.py", line 197, in _get_response
    response = wrapped_callback(request, *callback_args, **callback_kwargs)
TypeError: read_client() missing 1 required positional argument: 'client_id'
2023-08-25 19:37:25,012 - ERROR - basehttp - basehttp.py - "GET /read_client HTTP/1.1" 500 56872
2023-08-25 19:37:57,424 - ERROR - log - log.py - Internal Server Error: /read_client
Traceback (most recent call last):
  File "/Users/imacson/Desktop/python_project/HomeworkDjangoPython/venv/lib/python3.9/site-packages/django/core/handlers/exception.py", line 55, in inner
    response = get_response(request)
  File "/Users/imacson/Desktop/python_project/HomeworkDjangoPython/venv/lib/python3.9/site-packages/django/core/handlers/base.py", line 197, in _get_response
    response = wrapped_callback(request, *callback_args, **callback_kwargs)
TypeError: read_client() missing 1 required positional argument: 'client_id'
2023-08-25 19:37:57,424 - ERROR - basehttp - basehttp.py - "GET /read_client HTTP/1.1" 500 56872
2023-08-25 19:37:58,372 - ERROR - log - log.py - Internal Server Error: /read_client
Traceback (most recent call last):
  File "/Users/imacson/Desktop/python_project/HomeworkDjangoPython/venv/lib/python3.9/site-packages/django/core/handlers/exception.py", line 55, in inner
    response = get_response(request)
  File "/Users/imacson/Desktop/python_project/HomeworkDjangoPython/venv/lib/python3.9/site-packages/django/core/handlers/base.py", line 197, in _get_response
    response = wrapped_callback(request, *callback_args, **callback_kwargs)
TypeError: read_client() missing 1 required positional argument: 'client_id'
2023-08-25 19:37:58,372 - ERROR - basehttp - basehttp.py - "GET /read_client HTTP/1.1" 500 56872
2023-08-25 19:37:59,188 - ERROR - log - log.py - Internal Server Error: /read_client
Traceback (most recent call last):
  File "/Users/imacson/Desktop/python_project/HomeworkDjangoPython/venv/lib/python3.9/site-packages/django/core/handlers/exception.py", line 55, in inner
    response = get_response(request)
  File "/Users/imacson/Desktop/python_project/HomeworkDjangoPython/venv/lib/python3.9/site-packages/django/core/handlers/base.py", line 197, in _get_response
    response = wrapped_callback(request, *callback_args, **callback_kwargs)
TypeError: read_client() missing 1 required positional argument: 'client_id'
2023-08-25 19:37:59,189 - ERROR - basehttp - basehttp.py - "GET /read_client HTTP/1.1" 500 56872
2023-08-25 19:37:59,473 - ERROR - log - log.py - Internal Server Error: /read_client
Traceback (most recent call last):
  File "/Users/imacson/Desktop/python_project/HomeworkDjangoPython/venv/lib/python3.9/site-packages/django/core/handlers/exception.py", line 55, in inner
    response = get_response(request)
  File "/Users/imacson/Desktop/python_project/HomeworkDjangoPython/venv/lib/python3.9/site-packages/django/core/handlers/base.py", line 197, in _get_response
    response = wrapped_callback(request, *callback_args, **callback_kwargs)
TypeError: read_client() missing 1 required positional argument: 'client_id'
2023-08-25 19:37:59,473 - ERROR - basehttp - basehttp.py - "GET /read_client HTTP/1.1" 500 56872
2023-08-25 19:37:59,739 - ERROR - log - log.py - Internal Server Error: /read_client
Traceback (most recent call last):
  File "/Users/imacson/Desktop/python_project/HomeworkDjangoPython/venv/lib/python3.9/site-packages/django/core/handlers/exception.py", line 55, in inner
    response = get_response(request)
  File "/Users/imacson/Desktop/python_project/HomeworkDjangoPython/venv/lib/python3.9/site-packages/django/core/handlers/base.py", line 197, in _get_response
    response = wrapped_callback(request, *callback_args, **callback_kwargs)
TypeError: read_client() missing 1 required positional argument: 'client_id'
2023-08-25 19:37:59,739 - ERROR - basehttp - basehttp.py - "GET /read_client HTTP/1.1" 500 56872
2023-08-25 19:38:05,674 - ERROR - log - log.py - Internal Server Error: /read_client
Traceback (most recent call last):
  File "/Users/imacson/Desktop/python_project/HomeworkDjangoPython/venv/lib/python3.9/site-packages/django/core/handlers/exception.py", line 55, in inner
    response = get_response(request)
  File "/Users/imacson/Desktop/python_project/HomeworkDjangoPython/venv/lib/python3.9/site-packages/django/core/handlers/base.py", line 197, in _get_response
    response = wrapped_callback(request, *callback_args, **callback_kwargs)
TypeError: read_client() missing 1 required positional argument: 'client_id'
2023-08-25 19:38:05,675 - ERROR - basehttp - basehttp.py - "GET /read_client HTTP/1.1" 500 56872
2023-08-25 19:38:10,742 - ERROR - log - log.py - Internal Server Error: /read_client
Traceback (most recent call last):
  File "/Users/imacson/Desktop/python_project/HomeworkDjangoPython/venv/lib/python3.9/site-packages/django/core/handlers/exception.py", line 55, in inner
    response = get_response(request)
  File "/Users/imacson/Desktop/python_project/HomeworkDjangoPython/venv/lib/python3.9/site-packages/django/core/handlers/base.py", line 197, in _get_response
    response = wrapped_callback(request, *callback_args, **callback_kwargs)
TypeError: read_client() missing 1 required positional argument: 'client_id'
2023-08-25 19:38:10,742 - ERROR - basehttp - basehttp.py - "GET /read_client HTTP/1.1" 500 56872
2023-08-25 19:39:19,741 - ERROR - log - log.py - Internal Server Error: /read_client
Traceback (most recent call last):
  File "/Users/imacson/Desktop/python_project/HomeworkDjangoPython/venv/lib/python3.9/site-packages/django/core/handlers/exception.py", line 55, in inner
    response = get_response(request)
  File "/Users/imacson/Desktop/python_project/HomeworkDjangoPython/venv/lib/python3.9/site-packages/django/core/handlers/base.py", line 197, in _get_response
    response = wrapped_callback(request, *callback_args, **callback_kwargs)
TypeError: read_client() missing 1 required positional argument: 'client_id'
2023-08-25 19:39:19,741 - ERROR - basehttp - basehttp.py - "GET /read_client HTTP/1.1" 500 56872
2023-08-25 19:39:20,888 - ERROR - log - log.py - Internal Server Error: /read_client
Traceback (most recent call last):
  File "/Users/imacson/Desktop/python_project/HomeworkDjangoPython/venv/lib/python3.9/site-packages/django/core/handlers/exception.py", line 55, in inner
    response = get_response(request)
  File "/Users/imacson/Desktop/python_project/HomeworkDjangoPython/venv/lib/python3.9/site-packages/django/core/handlers/base.py", line 197, in _get_response
    response = wrapped_callback(request, *callback_args, **callback_kwargs)
TypeError: read_client() missing 1 required positional argument: 'client_id'
2023-08-25 19:39:20,888 - ERROR - basehttp - basehttp.py - "GET /read_client HTTP/1.1" 500 56872
2023-08-25 19:40:35,593 - INFO - autoreload - autoreload.py - /Users/imacson/Desktop/python_project/HomeworkDjangoPython/Homework/Homework2app/views.py changed, reloading.
2023-08-25 19:40:35,954 - INFO - autoreload - autoreload.py - Watching for file changes with StatReloader
2023-08-25 19:40:37,090 - ERROR - log - log.py - Internal Server Error: /read_client
Traceback (most recent call last):
  File "/Users/imacson/Desktop/python_project/HomeworkDjangoPython/venv/lib/python3.9/site-packages/django/core/handlers/exception.py", line 55, in inner
    response = get_response(request)
  File "/Users/imacson/Desktop/python_project/HomeworkDjangoPython/venv/lib/python3.9/site-packages/django/core/handlers/base.py", line 204, in _get_response
    self.check_response(response, callback)
  File "/Users/imacson/Desktop/python_project/HomeworkDjangoPython/venv/lib/python3.9/site-packages/django/core/handlers/base.py", line 332, in check_response
    raise ValueError(
ValueError: The view Homework2app.views.read_client didn't return an HttpResponse object. It returned None instead.
2023-08-25 19:40:37,090 - ERROR - basehttp - basehttp.py - "GET /read_client HTTP/1.1" 500 61546
2023-08-25 19:40:37,980 - ERROR - log - log.py - Internal Server Error: /read_client
Traceback (most recent call last):
  File "/Users/imacson/Desktop/python_project/HomeworkDjangoPython/venv/lib/python3.9/site-packages/django/core/handlers/exception.py", line 55, in inner
    response = get_response(request)
  File "/Users/imacson/Desktop/python_project/HomeworkDjangoPython/venv/lib/python3.9/site-packages/django/core/handlers/base.py", line 204, in _get_response
    self.check_response(response, callback)
  File "/Users/imacson/Desktop/python_project/HomeworkDjangoPython/venv/lib/python3.9/site-packages/django/core/handlers/base.py", line 332, in check_response
    raise ValueError(
ValueError: The view Homework2app.views.read_client didn't return an HttpResponse object. It returned None instead.
2023-08-25 19:40:37,980 - ERROR - basehttp - basehttp.py - "GET /read_client HTTP/1.1" 500 61546
2023-08-25 19:41:37,643 - INFO - autoreload - autoreload.py - /Users/imacson/Desktop/python_project/HomeworkDjangoPython/Homework/Homework2app/views.py changed, reloading.
2023-08-25 19:41:37,987 - INFO - autoreload - autoreload.py - Watching for file changes with StatReloader
2023-08-25 19:46:47,681 - INFO - autoreload - autoreload.py - /Users/imacson/Desktop/python_project/HomeworkDjangoPython/Homework/Homework2app/views.py changed, reloading.
2023-08-25 19:46:48,015 - INFO - autoreload - autoreload.py - Watching for file changes with StatReloader
2023-08-25 19:46:50,189 - INFO - basehttp - basehttp.py - "GET / HTTP/1.1" 200 634
2023-08-25 19:46:52,677 - INFO - basehttp - basehttp.py - "GET /client HTTP/1.1" 200 1299
2023-08-25 19:46:53,906 - ERROR - log - log.py - Internal Server Error: /read_client
Traceback (most recent call last):
  File "/Users/imacson/Desktop/python_project/HomeworkDjangoPython/venv/lib/python3.9/site-packages/django/core/handlers/exception.py", line 55, in inner
    response = get_response(request)
  File "/Users/imacson/Desktop/python_project/HomeworkDjangoPython/venv/lib/python3.9/site-packages/django/core/handlers/base.py", line 197, in _get_response
    response = wrapped_callback(request, *callback_args, **callback_kwargs)
  File "/Users/imacson/Desktop/python_project/HomeworkDjangoPython/Homework/Homework2app/views.py", line 61, in read_client
    return render(request, 'read_client_form.html')
  File "/Users/imacson/Desktop/python_project/HomeworkDjangoPython/venv/lib/python3.9/site-packages/django/shortcuts.py", line 24, in render
    content = loader.render_to_string(template_name, context, request, using=using)
  File "/Users/imacson/Desktop/python_project/HomeworkDjangoPython/venv/lib/python3.9/site-packages/django/template/loader.py", line 61, in render_to_string
    template = get_template(template_name, using=using)
  File "/Users/imacson/Desktop/python_project/HomeworkDjangoPython/venv/lib/python3.9/site-packages/django/template/loader.py", line 19, in get_template
    raise TemplateDoesNotExist(template_name, chain=chain)
django.template.exceptions.TemplateDoesNotExist: read_client_form.html
2023-08-25 19:46:53,907 - ERROR - basehttp - basehttp.py - "GET /read_client HTTP/1.1" 500 75580
2023-08-25 19:48:23,125 - INFO - autoreload - autoreload.py - /Users/imacson/Desktop/python_project/HomeworkDjangoPython/Homework/Homework2app/views.py changed, reloading.
2023-08-25 19:48:23,458 - INFO - autoreload - autoreload.py - Watching for file changes with StatReloader
2023-08-25 19:48:39,420 - ERROR - log - log.py - Internal Server Error: /read_client
Traceback (most recent call last):
  File "/Users/imacson/Desktop/python_project/HomeworkDjangoPython/venv/lib/python3.9/site-packages/django/core/handlers/exception.py", line 55, in inner
    response = get_response(request)
  File "/Users/imacson/Desktop/python_project/HomeworkDjangoPython/venv/lib/python3.9/site-packages/django/core/handlers/base.py", line 197, in _get_response
    response = wrapped_callback(request, *callback_args, **callback_kwargs)
  File "/Users/imacson/Desktop/python_project/HomeworkDjangoPython/Homework/Homework2app/views.py", line 61, in read_client
    return render(request, 'read_client_form.html')
  File "/Users/imacson/Desktop/python_project/HomeworkDjangoPython/venv/lib/python3.9/site-packages/django/shortcuts.py", line 24, in render
    content = loader.render_to_string(template_name, context, request, using=using)
  File "/Users/imacson/Desktop/python_project/HomeworkDjangoPython/venv/lib/python3.9/site-packages/django/template/loader.py", line 61, in render_to_string
    template = get_template(template_name, using=using)
  File "/Users/imacson/Desktop/python_project/HomeworkDjangoPython/venv/lib/python3.9/site-packages/django/template/loader.py", line 19, in get_template
    raise TemplateDoesNotExist(template_name, chain=chain)
django.template.exceptions.TemplateDoesNotExist: read_client_form.html
2023-08-25 19:48:39,421 - ERROR - basehttp - basehttp.py - "GET /read_client HTTP/1.1" 500 75448
2023-08-25 19:49:49,436 - INFO - autoreload - autoreload.py - /Users/imacson/Desktop/python_project/HomeworkDjangoPython/Homework/Homework2app/urls.py changed, reloading.
2023-08-25 19:49:49,763 - INFO - autoreload - autoreload.py - Watching for file changes with StatReloader
2023-08-25 19:50:07,025 - INFO - autoreload - autoreload.py - /Users/imacson/Desktop/python_project/HomeworkDjangoPython/Homework/Homework2app/urls.py changed, reloading.
2023-08-25 19:50:07,347 - INFO - autoreload - autoreload.py - Watching for file changes with StatReloader
2023-08-25 19:50:08,869 - ERROR - log - log.py - Internal Server Error: /read_client
Traceback (most recent call last):
  File "/Users/imacson/Desktop/python_project/HomeworkDjangoPython/venv/lib/python3.9/site-packages/django/core/handlers/exception.py", line 55, in inner
    response = get_response(request)
  File "/Users/imacson/Desktop/python_project/HomeworkDjangoPython/venv/lib/python3.9/site-packages/django/core/handlers/base.py", line 197, in _get_response
    response = wrapped_callback(request, *callback_args, **callback_kwargs)
  File "/Users/imacson/Desktop/python_project/HomeworkDjangoPython/Homework/Homework2app/views.py", line 61, in read_client
    return render(request, 'read_client_form.html')
  File "/Users/imacson/Desktop/python_project/HomeworkDjangoPython/venv/lib/python3.9/site-packages/django/shortcuts.py", line 24, in render
    content = loader.render_to_string(template_name, context, request, using=using)
  File "/Users/imacson/Desktop/python_project/HomeworkDjangoPython/venv/lib/python3.9/site-packages/django/template/loader.py", line 61, in render_to_string
    template = get_template(template_name, using=using)
  File "/Users/imacson/Desktop/python_project/HomeworkDjangoPython/venv/lib/python3.9/site-packages/django/template/loader.py", line 19, in get_template
    raise TemplateDoesNotExist(template_name, chain=chain)
django.template.exceptions.TemplateDoesNotExist: read_client_form.html
2023-08-25 19:50:08,870 - ERROR - basehttp - basehttp.py - "GET /read_client HTTP/1.1" 500 75291
2023-08-25 19:50:10,123 - ERROR - log - log.py - Internal Server Error: /read_client
Traceback (most recent call last):
  File "/Users/imacson/Desktop/python_project/HomeworkDjangoPython/venv/lib/python3.9/site-packages/django/core/handlers/exception.py", line 55, in inner
    response = get_response(request)
  File "/Users/imacson/Desktop/python_project/HomeworkDjangoPython/venv/lib/python3.9/site-packages/django/core/handlers/base.py", line 197, in _get_response
    response = wrapped_callback(request, *callback_args, **callback_kwargs)
  File "/Users/imacson/Desktop/python_project/HomeworkDjangoPython/Homework/Homework2app/views.py", line 61, in read_client
    return render(request, 'read_client_form.html')
  File "/Users/imacson/Desktop/python_project/HomeworkDjangoPython/venv/lib/python3.9/site-packages/django/shortcuts.py", line 24, in render
    content = loader.render_to_string(template_name, context, request, using=using)
  File "/Users/imacson/Desktop/python_project/HomeworkDjangoPython/venv/lib/python3.9/site-packages/django/template/loader.py", line 61, in render_to_string
    template = get_template(template_name, using=using)
  File "/Users/imacson/Desktop/python_project/HomeworkDjangoPython/venv/lib/python3.9/site-packages/django/template/loader.py", line 19, in get_template
    raise TemplateDoesNotExist(template_name, chain=chain)
django.template.exceptions.TemplateDoesNotExist: read_client_form.html
2023-08-25 19:50:10,124 - ERROR - basehttp - basehttp.py - "GET /read_client HTTP/1.1" 500 75291
2023-08-25 19:51:04,256 - ERROR - log - log.py - Internal Server Error: /read_client
Traceback (most recent call last):
  File "/Users/imacson/Desktop/python_project/HomeworkDjangoPython/venv/lib/python3.9/site-packages/django/core/handlers/exception.py", line 55, in inner
    response = get_response(request)
  File "/Users/imacson/Desktop/python_project/HomeworkDjangoPython/venv/lib/python3.9/site-packages/django/core/handlers/base.py", line 197, in _get_response
    response = wrapped_callback(request, *callback_args, **callback_kwargs)
  File "/Users/imacson/Desktop/python_project/HomeworkDjangoPython/Homework/Homework2app/views.py", line 61, in read_client
    return render(request, 'read_client_form.html')
  File "/Users/imacson/Desktop/python_project/HomeworkDjangoPython/venv/lib/python3.9/site-packages/django/shortcuts.py", line 24, in render
    content = loader.render_to_string(template_name, context, request, using=using)
  File "/Users/imacson/Desktop/python_project/HomeworkDjangoPython/venv/lib/python3.9/site-packages/django/template/loader.py", line 61, in render_to_string
    template = get_template(template_name, using=using)
  File "/Users/imacson/Desktop/python_project/HomeworkDjangoPython/venv/lib/python3.9/site-packages/django/template/loader.py", line 19, in get_template
    raise TemplateDoesNotExist(template_name, chain=chain)
django.template.exceptions.TemplateDoesNotExist: read_client_form.html
2023-08-25 19:51:04,257 - ERROR - basehttp - basehttp.py - "GET /read_client HTTP/1.1" 500 75291
2023-08-25 19:51:05,173 - ERROR - log - log.py - Internal Server Error: /read_client
Traceback (most recent call last):
  File "/Users/imacson/Desktop/python_project/HomeworkDjangoPython/venv/lib/python3.9/site-packages/django/core/handlers/exception.py", line 55, in inner
    response = get_response(request)
  File "/Users/imacson/Desktop/python_project/HomeworkDjangoPython/venv/lib/python3.9/site-packages/django/core/handlers/base.py", line 197, in _get_response
    response = wrapped_callback(request, *callback_args, **callback_kwargs)
  File "/Users/imacson/Desktop/python_project/HomeworkDjangoPython/Homework/Homework2app/views.py", line 61, in read_client
    return render(request, 'read_client_form.html')
  File "/Users/imacson/Desktop/python_project/HomeworkDjangoPython/venv/lib/python3.9/site-packages/django/shortcuts.py", line 24, in render
    content = loader.render_to_string(template_name, context, request, using=using)
  File "/Users/imacson/Desktop/python_project/HomeworkDjangoPython/venv/lib/python3.9/site-packages/django/template/loader.py", line 61, in render_to_string
    template = get_template(template_name, using=using)
  File "/Users/imacson/Desktop/python_project/HomeworkDjangoPython/venv/lib/python3.9/site-packages/django/template/loader.py", line 19, in get_template
    raise TemplateDoesNotExist(template_name, chain=chain)
django.template.exceptions.TemplateDoesNotExist: read_client_form.html
2023-08-25 19:51:05,174 - ERROR - basehttp - basehttp.py - "GET /read_client HTTP/1.1" 500 75291
2023-08-25 19:51:11,647 - ERROR - log - log.py - Internal Server Error: /read_client
Traceback (most recent call last):
  File "/Users/imacson/Desktop/python_project/HomeworkDjangoPython/venv/lib/python3.9/site-packages/django/core/handlers/exception.py", line 55, in inner
    response = get_response(request)
  File "/Users/imacson/Desktop/python_project/HomeworkDjangoPython/venv/lib/python3.9/site-packages/django/core/handlers/base.py", line 197, in _get_response
    response = wrapped_callback(request, *callback_args, **callback_kwargs)
  File "/Users/imacson/Desktop/python_project/HomeworkDjangoPython/Homework/Homework2app/views.py", line 61, in read_client
    return render(request, 'read_client_form.html')
  File "/Users/imacson/Desktop/python_project/HomeworkDjangoPython/venv/lib/python3.9/site-packages/django/shortcuts.py", line 24, in render
    content = loader.render_to_string(template_name, context, request, using=using)
  File "/Users/imacson/Desktop/python_project/HomeworkDjangoPython/venv/lib/python3.9/site-packages/django/template/loader.py", line 61, in render_to_string
    template = get_template(template_name, using=using)
  File "/Users/imacson/Desktop/python_project/HomeworkDjangoPython/venv/lib/python3.9/site-packages/django/template/loader.py", line 19, in get_template
    raise TemplateDoesNotExist(template_name, chain=chain)
django.template.exceptions.TemplateDoesNotExist: read_client_form.html
2023-08-25 19:51:11,648 - ERROR - basehttp - basehttp.py - "GET /read_client HTTP/1.1" 500 75448
2023-08-25 19:51:19,326 - INFO - basehttp - basehttp.py - "GET / HTTP/1.1" 200 634
2023-08-25 19:51:20,942 - INFO - basehttp - basehttp.py - "GET /client HTTP/1.1" 200 1299
2023-08-25 19:51:21,727 - ERROR - log - log.py - Internal Server Error: /read_client
Traceback (most recent call last):
  File "/Users/imacson/Desktop/python_project/HomeworkDjangoPython/venv/lib/python3.9/site-packages/django/core/handlers/exception.py", line 55, in inner
    response = get_response(request)
  File "/Users/imacson/Desktop/python_project/HomeworkDjangoPython/venv/lib/python3.9/site-packages/django/core/handlers/base.py", line 197, in _get_response
    response = wrapped_callback(request, *callback_args, **callback_kwargs)
  File "/Users/imacson/Desktop/python_project/HomeworkDjangoPython/Homework/Homework2app/views.py", line 61, in read_client
    return render(request, 'read_client_form.html')
  File "/Users/imacson/Desktop/python_project/HomeworkDjangoPython/venv/lib/python3.9/site-packages/django/shortcuts.py", line 24, in render
    content = loader.render_to_string(template_name, context, request, using=using)
  File "/Users/imacson/Desktop/python_project/HomeworkDjangoPython/venv/lib/python3.9/site-packages/django/template/loader.py", line 61, in render_to_string
    template = get_template(template_name, using=using)
  File "/Users/imacson/Desktop/python_project/HomeworkDjangoPython/venv/lib/python3.9/site-packages/django/template/loader.py", line 19, in get_template
    raise TemplateDoesNotExist(template_name, chain=chain)
django.template.exceptions.TemplateDoesNotExist: read_client_form.html
2023-08-25 19:51:21,727 - ERROR - basehttp - basehttp.py - "GET /read_client HTTP/1.1" 500 75448
2023-08-25 19:55:07,208 - INFO - autoreload - autoreload.py - /Users/imacson/Desktop/python_project/HomeworkDjangoPython/Homework/Homework2app/views.py changed, reloading.
2023-08-25 19:55:07,537 - INFO - autoreload - autoreload.py - Watching for file changes with StatReloader
2023-08-25 19:56:59,672 - INFO - autoreload - autoreload.py - /Users/imacson/Desktop/python_project/HomeworkDjangoPython/Homework/Homework2app/views.py changed, reloading.
2023-08-25 19:57:00,020 - INFO - autoreload - autoreload.py - Watching for file changes with StatReloader
2023-08-25 19:57:01,152 - ERROR - log - log.py - Internal Server Error: /read_client
Traceback (most recent call last):
  File "/Users/imacson/Desktop/python_project/HomeworkDjangoPython/venv/lib/python3.9/site-packages/django/core/handlers/exception.py", line 55, in inner
    response = get_response(request)
  File "/Users/imacson/Desktop/python_project/HomeworkDjangoPython/venv/lib/python3.9/site-packages/django/core/handlers/base.py", line 197, in _get_response
    response = wrapped_callback(request, *callback_args, **callback_kwargs)
TypeError: read_client() missing 1 required positional argument: 'client_id'
2023-08-25 19:57:01,152 - ERROR - basehttp - basehttp.py - "GET /read_client HTTP/1.1" 500 56872
2023-08-25 19:57:01,795 - ERROR - log - log.py - Internal Server Error: /read_client
Traceback (most recent call last):
  File "/Users/imacson/Desktop/python_project/HomeworkDjangoPython/venv/lib/python3.9/site-packages/django/core/handlers/exception.py", line 55, in inner
    response = get_response(request)
  File "/Users/imacson/Desktop/python_project/HomeworkDjangoPython/venv/lib/python3.9/site-packages/django/core/handlers/base.py", line 197, in _get_response
    response = wrapped_callback(request, *callback_args, **callback_kwargs)
TypeError: read_client() missing 1 required positional argument: 'client_id'
2023-08-25 19:57:01,795 - ERROR - basehttp - basehttp.py - "GET /read_client HTTP/1.1" 500 56872
2023-08-25 19:57:20,258 - INFO - basehttp - basehttp.py - "GET / HTTP/1.1" 200 634
2023-08-25 19:57:22,035 - INFO - basehttp - basehttp.py - "GET /client HTTP/1.1" 200 1299
2023-08-25 19:57:22,766 - ERROR - log - log.py - Internal Server Error: /read_client
Traceback (most recent call last):
  File "/Users/imacson/Desktop/python_project/HomeworkDjangoPython/venv/lib/python3.9/site-packages/django/core/handlers/exception.py", line 55, in inner
    response = get_response(request)
  File "/Users/imacson/Desktop/python_project/HomeworkDjangoPython/venv/lib/python3.9/site-packages/django/core/handlers/base.py", line 197, in _get_response
    response = wrapped_callback(request, *callback_args, **callback_kwargs)
TypeError: read_client() missing 1 required positional argument: 'client_id'
2023-08-25 19:57:22,767 - ERROR - basehttp - basehttp.py - "GET /read_client HTTP/1.1" 500 56872
2023-08-25 19:59:46,697 - INFO - autoreload - autoreload.py - /Users/imacson/Desktop/python_project/HomeworkDjangoPython/Homework/Homework2app/views.py changed, reloading.
2023-08-25 19:59:47,017 - INFO - autoreload - autoreload.py - Watching for file changes with StatReloader
2023-08-25 19:59:48,377 - INFO - basehttp - basehttp.py - "GET / HTTP/1.1" 200 634
2023-08-25 19:59:51,780 - INFO - basehttp - basehttp.py - "GET /client HTTP/1.1" 200 1299
2023-08-25 19:59:52,979 - INFO - basehttp - basehttp.py - "GET /read_client HTTP/1.1" 200 1567
2023-08-25 20:00:42,710 - INFO - autoreload - autoreload.py - /Users/imacson/Desktop/python_project/HomeworkDjangoPython/Homework/Homework2app/views.py changed, reloading.
2023-08-25 20:00:43,062 - INFO - autoreload - autoreload.py - Watching for file changes with StatReloader
2023-08-25 20:02:20,050 - INFO - autoreload - autoreload.py - /Users/imacson/Desktop/python_project/HomeworkDjangoPython/Homework/Homework2app/views.py changed, reloading.
2023-08-25 20:02:20,425 - INFO - autoreload - autoreload.py - Watching for file changes with StatReloader
2023-08-28 14:32:35,705 - INFO - autoreload - autoreload.py - Watching for file changes with StatReloader
2023-08-28 14:32:42,882 - INFO - basehttp - basehttp.py - "GET / HTTP/1.1" 200 726
2023-08-28 14:32:43,075 - WARNING - log - log.py - Not Found: /{% static 'Homework2app/css/styles.css %'}
2023-08-28 14:32:43,075 - WARNING - basehttp - basehttp.py - "GET /%7B%%20static%20'Homework2app/css/styles.css%20%'%7D HTTP/1.1" 404 3584
2023-08-28 14:33:09,095 - INFO - basehttp - basehttp.py - "GET / HTTP/1.1" 200 727
2023-08-28 14:33:09,104 - WARNING - log - log.py - Not Found: /{% static 'Homework2app/css/styles.css %'}
2023-08-28 14:33:09,104 - WARNING - basehttp - basehttp.py - "GET /%7B%%20static%20'Homework2app/css/styles.css%20%'%7D HTTP/1.1" 404 3584
2023-08-28 14:33:10,111 - INFO - basehttp - basehttp.py - "GET / HTTP/1.1" 200 727
2023-08-28 14:33:10,120 - WARNING - log - log.py - Not Found: /{% static 'Homework2app/css/styles.css %'}
2023-08-28 14:33:10,120 - WARNING - basehttp - basehttp.py - "GET /%7B%%20static%20'Homework2app/css/styles.css%20%'%7D HTTP/1.1" 404 3584
2023-08-28 14:33:10,578 - INFO - basehttp - basehttp.py - "GET / HTTP/1.1" 200 727
2023-08-28 14:33:10,589 - WARNING - log - log.py - Not Found: /{% static 'Homework2app/css/styles.css %'}
2023-08-28 14:33:10,589 - WARNING - basehttp - basehttp.py - "GET /%7B%%20static%20'Homework2app/css/styles.css%20%'%7D HTTP/1.1" 404 3584
2023-08-28 14:33:10,896 - INFO - basehttp - basehttp.py - "GET / HTTP/1.1" 200 727
2023-08-28 14:33:10,904 - WARNING - log - log.py - Not Found: /{% static 'Homework2app/css/styles.css %'}
2023-08-28 14:33:10,904 - WARNING - basehttp - basehttp.py - "GET /%7B%%20static%20'Homework2app/css/styles.css%20%'%7D HTTP/1.1" 404 3584
2023-08-28 14:35:37,708 - INFO - basehttp - basehttp.py - "GET / HTTP/1.1" 200 800
2023-08-28 14:35:37,722 - WARNING - basehttp - basehttp.py - "GET /static/women/css/styles.css HTTP/1.1" 404 1819
2023-08-28 14:35:37,723 - INFO - basehttp - basehttp.py - "GET /static/Homework2app/css/styles.css HTTP/1.1" 200 6771
2023-08-28 14:35:38,641 - INFO - basehttp - basehttp.py - "GET / HTTP/1.1" 200 800
2023-08-28 14:35:38,649 - WARNING - basehttp - basehttp.py - "GET /static/women/css/styles.css HTTP/1.1" 404 1819
2023-08-28 14:35:39,540 - INFO - basehttp - basehttp.py - "GET / HTTP/1.1" 200 800
2023-08-28 14:35:39,548 - WARNING - basehttp - basehttp.py - "GET /static/women/css/styles.css HTTP/1.1" 404 1819
2023-08-28 14:36:30,973 - INFO - basehttp - basehttp.py - "GET / HTTP/1.1" 200 569
2023-08-28 14:36:30,983 - INFO - basehttp - basehttp.py - "GET /static/Homework2app/css/styles.css HTTP/1.1" 304 0
2023-08-28 14:36:46,681 - INFO - basehttp - basehttp.py - "GET /client HTTP/1.1" 200 1232
2023-08-28 14:36:48,498 - INFO - basehttp - basehttp.py - "GET /index HTTP/1.1" 200 567
2023-08-28 14:36:50,015 - INFO - basehttp - basehttp.py - "GET /about HTTP/1.1" 200 562
2023-08-28 14:37:03,816 - INFO - basehttp - basehttp.py - "GET /about HTTP/1.1" 200 562
2023-08-28 14:37:07,117 - INFO - basehttp - basehttp.py - "GET /about HTTP/1.1" 200 549
2023-08-28 14:39:16,756 - INFO - basehttp - basehttp.py - "GET /about HTTP/1.1" 200 549
2023-08-28 14:39:16,761 - INFO - basehttp - basehttp.py - "GET /static/Homework2app/css/styles.css HTTP/1.1" 304 0
2023-08-28 14:39:17,755 - INFO - basehttp - basehttp.py - "GET /about HTTP/1.1" 200 549
2023-08-28 14:39:22,124 - INFO - basehttp - basehttp.py - "GET /about HTTP/1.1" 200 549
2023-08-28 14:39:22,791 - INFO - basehttp - basehttp.py - "GET /about HTTP/1.1" 200 549
2023-08-28 14:39:23,041 - INFO - basehttp - basehttp.py - "GET /about HTTP/1.1" 200 549
2023-08-28 14:39:23,275 - INFO - basehttp - basehttp.py - "GET /about HTTP/1.1" 200 549
2023-08-30 11:43:08,917 - INFO - autoreload - autoreload.py - Watching for file changes with StatReloader
2023-08-30 11:43:11,837 - INFO - basehttp - basehttp.py - "GET / HTTP/1.1" 200 567
2023-08-30 11:43:12,011 - INFO - basehttp - basehttp.py - "GET /static/Homework2app/css/styles.css HTTP/1.1" 304 0
2023-08-30 11:45:39,330 - INFO - basehttp - basehttp.py - "GET / HTTP/1.1" 200 620
2023-08-30 11:45:41,076 - WARNING - log - log.py - Not Found: /report
2023-08-30 11:45:41,076 - WARNING - basehttp - basehttp.py - "GET /report HTTP/1.1" 404 3432
2023-08-30 11:49:39,308 - INFO - autoreload - autoreload.py - /Users/imacson/Desktop/python_project/HomeworkDjangoPython/Homework/Homework2app/views.py changed, reloading.
2023-08-30 11:49:39,646 - INFO - autoreload - autoreload.py - Watching for file changes with StatReloader
2023-08-30 11:50:41,329 - INFO - autoreload - autoreload.py - /Users/imacson/Desktop/python_project/HomeworkDjangoPython/Homework/Homework2app/views.py changed, reloading.
2023-08-30 11:50:41,678 - INFO - autoreload - autoreload.py - Watching for file changes with StatReloader
2023-08-30 11:53:46,098 - INFO - autoreload - autoreload.py - /Users/imacson/Desktop/python_project/HomeworkDjangoPython/Homework/Homework2app/views.py changed, reloading.
2023-08-30 11:53:46,452 - INFO - autoreload - autoreload.py - Watching for file changes with StatReloader
2023-08-30 11:54:39,650 - INFO - basehttp - basehttp.py - "GET / HTTP/1.1" 200 620
2023-08-30 11:54:41,572 - WARNING - log - log.py - Not Found: /report
2023-08-30 11:54:41,573 - WARNING - basehttp - basehttp.py - "GET /report HTTP/1.1" 404 3432
2023-08-30 11:55:51,720 - INFO - autoreload - autoreload.py - /Users/imacson/Desktop/python_project/HomeworkDjangoPython/Homework/Homework2app/urls.py changed, reloading.
2023-08-30 11:55:52,100 - INFO - autoreload - autoreload.py - Watching for file changes with StatReloader
2023-08-30 11:55:53,417 - ERROR - log - log.py - Internal Server Error: /report
Traceback (most recent call last):
  File "/Users/imacson/Desktop/python_project/HomeworkDjangoPython/venv/lib/python3.9/site-packages/django/core/handlers/exception.py", line 55, in inner
    response = get_response(request)
  File "/Users/imacson/Desktop/python_project/HomeworkDjangoPython/venv/lib/python3.9/site-packages/django/core/handlers/base.py", line 197, in _get_response
    response = wrapped_callback(request, *callback_args, **callback_kwargs)
  File "/Users/imacson/Desktop/python_project/HomeworkDjangoPython/Homework/Homework2app/views.py", line 124, in orders_in_past_week
    return render(request, 'orders_in_past_week.html', context)
  File "/Users/imacson/Desktop/python_project/HomeworkDjangoPython/venv/lib/python3.9/site-packages/django/shortcuts.py", line 24, in render
    content = loader.render_to_string(template_name, context, request, using=using)
  File "/Users/imacson/Desktop/python_project/HomeworkDjangoPython/venv/lib/python3.9/site-packages/django/template/loader.py", line 61, in render_to_string
    template = get_template(template_name, using=using)
  File "/Users/imacson/Desktop/python_project/HomeworkDjangoPython/venv/lib/python3.9/site-packages/django/template/loader.py", line 19, in get_template
    raise TemplateDoesNotExist(template_name, chain=chain)
django.template.exceptions.TemplateDoesNotExist: orders_in_past_week.html
2023-08-30 11:55:53,435 - ERROR - basehttp - basehttp.py - "GET /report HTTP/1.1" 500 77208
2023-08-30 11:55:54,550 - ERROR - log - log.py - Internal Server Error: /report
Traceback (most recent call last):
  File "/Users/imacson/Desktop/python_project/HomeworkDjangoPython/venv/lib/python3.9/site-packages/django/core/handlers/exception.py", line 55, in inner
    response = get_response(request)
  File "/Users/imacson/Desktop/python_project/HomeworkDjangoPython/venv/lib/python3.9/site-packages/django/core/handlers/base.py", line 197, in _get_response
    response = wrapped_callback(request, *callback_args, **callback_kwargs)
  File "/Users/imacson/Desktop/python_project/HomeworkDjangoPython/Homework/Homework2app/views.py", line 124, in orders_in_past_week
    return render(request, 'orders_in_past_week.html', context)
  File "/Users/imacson/Desktop/python_project/HomeworkDjangoPython/venv/lib/python3.9/site-packages/django/shortcuts.py", line 24, in render
    content = loader.render_to_string(template_name, context, request, using=using)
  File "/Users/imacson/Desktop/python_project/HomeworkDjangoPython/venv/lib/python3.9/site-packages/django/template/loader.py", line 61, in render_to_string
    template = get_template(template_name, using=using)
  File "/Users/imacson/Desktop/python_project/HomeworkDjangoPython/venv/lib/python3.9/site-packages/django/template/loader.py", line 19, in get_template
    raise TemplateDoesNotExist(template_name, chain=chain)
django.template.exceptions.TemplateDoesNotExist: orders_in_past_week.html
2023-08-30 11:55:54,551 - ERROR - basehttp - basehttp.py - "GET /report HTTP/1.1" 500 77208
2023-08-30 11:56:10,255 - INFO - basehttp - basehttp.py - "GET / HTTP/1.1" 200 620
2023-08-30 11:56:12,307 - ERROR - log - log.py - Internal Server Error: /report
Traceback (most recent call last):
  File "/Users/imacson/Desktop/python_project/HomeworkDjangoPython/venv/lib/python3.9/site-packages/django/core/handlers/exception.py", line 55, in inner
    response = get_response(request)
  File "/Users/imacson/Desktop/python_project/HomeworkDjangoPython/venv/lib/python3.9/site-packages/django/core/handlers/base.py", line 197, in _get_response
    response = wrapped_callback(request, *callback_args, **callback_kwargs)
  File "/Users/imacson/Desktop/python_project/HomeworkDjangoPython/Homework/Homework2app/views.py", line 124, in orders_in_past_week
    return render(request, 'orders_in_past_week.html', context)
  File "/Users/imacson/Desktop/python_project/HomeworkDjangoPython/venv/lib/python3.9/site-packages/django/shortcuts.py", line 24, in render
    content = loader.render_to_string(template_name, context, request, using=using)
  File "/Users/imacson/Desktop/python_project/HomeworkDjangoPython/venv/lib/python3.9/site-packages/django/template/loader.py", line 61, in render_to_string
    template = get_template(template_name, using=using)
  File "/Users/imacson/Desktop/python_project/HomeworkDjangoPython/venv/lib/python3.9/site-packages/django/template/loader.py", line 19, in get_template
    raise TemplateDoesNotExist(template_name, chain=chain)
django.template.exceptions.TemplateDoesNotExist: orders_in_past_week.html
2023-08-30 11:56:12,308 - ERROR - basehttp - basehttp.py - "GET /report HTTP/1.1" 500 77208
2023-08-30 11:57:08,037 - INFO - autoreload - autoreload.py - /Users/imacson/Desktop/python_project/HomeworkDjangoPython/Homework/Homework2app/views.py changed, reloading.
2023-08-30 11:57:08,378 - INFO - autoreload - autoreload.py - Watching for file changes with StatReloader
2023-08-30 11:57:13,067 - INFO - basehttp - basehttp.py - "GET / HTTP/1.1" 200 620
2023-08-30 11:57:14,613 - INFO - basehttp - basehttp.py - "GET /report HTTP/1.1" 200 1238
2023-08-30 11:57:17,409 - INFO - basehttp - basehttp.py - "POST /report HTTP/1.1" 200 1317
2023-08-30 11:57:23,290 - INFO - basehttp - basehttp.py - "POST /report HTTP/1.1" 200 1352
2023-08-30 11:58:01,151 - INFO - basehttp - basehttp.py - "POST /report HTTP/1.1" 200 1358
2023-08-30 11:58:31,309 - INFO - basehttp - basehttp.py - "POST /report HTTP/1.1" 200 1381
2023-08-30 11:58:36,428 - INFO - basehttp - basehttp.py - "POST /report HTTP/1.1" 200 1340
2023-08-30 12:00:26,113 - INFO - basehttp - basehttp.py - "POST /report HTTP/1.1" 200 1340
2023-08-30 12:02:32,229 - INFO - autoreload - autoreload.py - /Users/imacson/Desktop/python_project/HomeworkDjangoPython/Homework/Homework2app/views.py changed, reloading.
2023-08-30 12:02:32,640 - INFO - autoreload - autoreload.py - Watching for file changes with StatReloader
2023-08-30 12:03:04,021 - INFO - autoreload - autoreload.py - /Users/imacson/Desktop/python_project/HomeworkDjangoPython/Homework/Homework2app/urls.py changed, reloading.
2023-08-30 12:03:04,376 - INFO - autoreload - autoreload.py - Watching for file changes with StatReloader
2023-08-30 12:04:01,306 - INFO - basehttp - basehttp.py - "GET / HTTP/1.1" 200 620
2023-08-30 12:04:02,858 - ERROR - log - log.py - Internal Server Error: /report
Traceback (most recent call last):
  File "/Users/imacson/Desktop/python_project/HomeworkDjangoPython/venv/lib/python3.9/site-packages/django/core/handlers/exception.py", line 55, in inner
    response = get_response(request)
  File "/Users/imacson/Desktop/python_project/HomeworkDjangoPython/venv/lib/python3.9/site-packages/django/core/handlers/base.py", line 197, in _get_response
    response = wrapped_callback(request, *callback_args, **callback_kwargs)
TypeError: orders_in_past_days() missing 1 required positional argument: 'days'
2023-08-30 12:04:02,859 - ERROR - basehttp - basehttp.py - "GET /report HTTP/1.1" 500 57050
2023-08-30 12:04:46,220 - ERROR - log - log.py - Internal Server Error: /report
Traceback (most recent call last):
  File "/Users/imacson/Desktop/python_project/HomeworkDjangoPython/venv/lib/python3.9/site-packages/django/core/handlers/exception.py", line 55, in inner
    response = get_response(request)
  File "/Users/imacson/Desktop/python_project/HomeworkDjangoPython/venv/lib/python3.9/site-packages/django/core/handlers/base.py", line 197, in _get_response
    response = wrapped_callback(request, *callback_args, **callback_kwargs)
TypeError: orders_in_past_days() missing 1 required positional argument: 'days'
2023-08-30 12:04:46,220 - ERROR - basehttp - basehttp.py - "GET /report HTTP/1.1" 500 57050
2023-08-30 12:04:47,219 - ERROR - log - log.py - Internal Server Error: /report
Traceback (most recent call last):
  File "/Users/imacson/Desktop/python_project/HomeworkDjangoPython/venv/lib/python3.9/site-packages/django/core/handlers/exception.py", line 55, in inner
    response = get_response(request)
  File "/Users/imacson/Desktop/python_project/HomeworkDjangoPython/venv/lib/python3.9/site-packages/django/core/handlers/base.py", line 197, in _get_response
    response = wrapped_callback(request, *callback_args, **callback_kwargs)
TypeError: orders_in_past_days() missing 1 required positional argument: 'days'
2023-08-30 12:04:47,220 - ERROR - basehttp - basehttp.py - "GET /report HTTP/1.1" 500 57050
2023-08-30 12:04:52,285 - INFO - basehttp - basehttp.py - "GET / HTTP/1.1" 200 620
2023-08-30 12:04:56,070 - ERROR - log - log.py - Internal Server Error: /report
Traceback (most recent call last):
  File "/Users/imacson/Desktop/python_project/HomeworkDjangoPython/venv/lib/python3.9/site-packages/django/core/handlers/exception.py", line 55, in inner
    response = get_response(request)
  File "/Users/imacson/Desktop/python_project/HomeworkDjangoPython/venv/lib/python3.9/site-packages/django/core/handlers/base.py", line 197, in _get_response
    response = wrapped_callback(request, *callback_args, **callback_kwargs)
TypeError: orders_in_past_days() missing 1 required positional argument: 'days'
2023-08-30 12:04:56,071 - ERROR - basehttp - basehttp.py - "GET /report HTTP/1.1" 500 57050
2023-08-30 12:08:52,504 - INFO - autoreload - autoreload.py - /Users/imacson/Desktop/python_project/HomeworkDjangoPython/Homework/Homework2app/views.py changed, reloading.
2023-08-30 12:08:52,837 - INFO - autoreload - autoreload.py - Watching for file changes with StatReloader
2023-08-30 12:08:54,245 - INFO - basehttp - basehttp.py - "GET / HTTP/1.1" 200 620
2023-08-30 12:08:55,709 - INFO - basehttp - basehttp.py - "GET /report HTTP/1.1" 200 1556
2023-08-30 12:09:01,255 - INFO - basehttp - basehttp.py - "POST /report HTTP/1.1" 200 1631
2023-08-30 12:09:06,034 - INFO - basehttp - basehttp.py - "POST /report HTTP/1.1" 200 1666
2023-08-30 12:23:15,063 - INFO - autoreload - autoreload.py - Watching for file changes with StatReloader
2023-08-30 12:23:16,569 - INFO - basehttp - basehttp.py - "GET / HTTP/1.1" 200 620
2023-08-30 12:23:18,325 - INFO - basehttp - basehttp.py - "GET /report HTTP/1.1" 200 11904
2023-08-30 12:23:23,757 - INFO - basehttp - basehttp.py - "POST /report HTTP/1.1" 200 12024
2023-08-30 12:23:26,060 - ERROR - log - log.py - Internal Server Error: /report
Traceback (most recent call last):
  File "/Users/imacson/Desktop/python_project/HomeworkDjangoPython/venv/lib/python3.9/site-packages/django/core/handlers/exception.py", line 55, in inner
    response = get_response(request)
  File "/Users/imacson/Desktop/python_project/HomeworkDjangoPython/venv/lib/python3.9/site-packages/django/core/handlers/base.py", line 197, in _get_response
    response = wrapped_callback(request, *callback_args, **callback_kwargs)
  File "/Users/imacson/Desktop/python_project/HomeworkDjangoPython/Homework/Homework2app/views.py", line 128, in orders_in_past_days
    'days_ago': days_ago
UnboundLocalError: local variable 'days_ago' referenced before assignment
2023-08-30 12:23:26,061 - ERROR - basehttp - basehttp.py - "POST /report HTTP/1.1" 500 65892
2023-08-30 12:23:33,657 - ERROR - log - log.py - Internal Server Error: /report
Traceback (most recent call last):
  File "/Users/imacson/Desktop/python_project/HomeworkDjangoPython/venv/lib/python3.9/site-packages/django/core/handlers/exception.py", line 55, in inner
    response = get_response(request)
  File "/Users/imacson/Desktop/python_project/HomeworkDjangoPython/venv/lib/python3.9/site-packages/django/core/handlers/base.py", line 197, in _get_response
    response = wrapped_callback(request, *callback_args, **callback_kwargs)
  File "/Users/imacson/Desktop/python_project/HomeworkDjangoPython/Homework/Homework2app/views.py", line 128, in orders_in_past_days
    'days_ago': days_ago
UnboundLocalError: local variable 'days_ago' referenced before assignment
2023-08-30 12:23:33,658 - ERROR - basehttp - basehttp.py - "POST /report HTTP/1.1" 500 65893
2023-08-30 12:24:38,155 - INFO - basehttp - basehttp.py - "POST /report HTTP/1.1" 200 12068
2023-08-30 12:25:04,996 - INFO - basehttp - basehttp.py - "POST /report HTTP/1.1" 200 12092
2023-08-30 12:25:41,578 - INFO - basehttp - basehttp.py - "POST /report HTTP/1.1" 200 12124
2023-08-30 12:25:45,748 - ERROR - log - log.py - Internal Server Error: /report
Traceback (most recent call last):
  File "/Users/imacson/Desktop/python_project/HomeworkDjangoPython/venv/lib/python3.9/site-packages/django/core/handlers/exception.py", line 55, in inner
    response = get_response(request)
  File "/Users/imacson/Desktop/python_project/HomeworkDjangoPython/venv/lib/python3.9/site-packages/django/core/handlers/base.py", line 197, in _get_response
    response = wrapped_callback(request, *callback_args, **callback_kwargs)
  File "/Users/imacson/Desktop/python_project/HomeworkDjangoPython/Homework/Homework2app/views.py", line 128, in orders_in_past_days
    'days_ago': days_ago
UnboundLocalError: local variable 'days_ago' referenced before assignment
2023-08-30 12:25:45,749 - ERROR - basehttp - basehttp.py - "POST /report HTTP/1.1" 500 65893
2023-08-30 12:26:36,976 - INFO - autoreload - autoreload.py - /Users/imacson/Desktop/python_project/HomeworkDjangoPython/Homework/Homework2app/views.py changed, reloading.
2023-08-30 12:26:37,382 - INFO - autoreload - autoreload.py - Watching for file changes with StatReloader
2023-08-30 12:26:39,613 - INFO - basehttp - basehttp.py - "POST /report HTTP/1.1" 200 12492
2023-08-30 12:26:51,252 - INFO - basehttp - basehttp.py - "POST /report HTTP/1.1" 200 12742
2023-08-30 12:26:58,186 - INFO - basehttp - basehttp.py - "POST /report HTTP/1.1" 200 12492
2023-08-30 12:27:04,804 - INFO - basehttp - basehttp.py - "POST /report HTTP/1.1" 200 12742
2023-08-30 12:27:24,409 - INFO - basehttp - basehttp.py - "POST /report HTTP/1.1" 200 12492
2023-08-30 12:27:25,610 - INFO - basehttp - basehttp.py - "POST /report HTTP/1.1" 200 12492
2023-08-30 12:27:32,083 - INFO - basehttp - basehttp.py - "POST /report HTTP/1.1" 200 13556
2023-08-30 12:27:50,550 - INFO - basehttp - basehttp.py - "POST /report HTTP/1.1" 200 12492
2023-08-30 12:28:31,740 - INFO - basehttp - basehttp.py - "POST /report HTTP/1.1" 200 12478
2023-08-30 12:28:35,090 - INFO - basehttp - basehttp.py - "POST /report HTTP/1.1" 200 12478
2023-08-30 12:28:38,165 - INFO - basehttp - basehttp.py - "POST /report HTTP/1.1" 200 12478
2023-08-30 12:28:41,300 - INFO - basehttp - basehttp.py - "POST /report HTTP/1.1" 200 12114
2023-08-30 12:28:47,502 - INFO - basehttp - basehttp.py - "POST /report HTTP/1.1" 200 12666
2023-08-30 12:31:02,817 - INFO - autoreload - autoreload.py - /Users/imacson/Desktop/python_project/HomeworkDjangoPython/Homework/Homework2app/views.py changed, reloading.
2023-08-30 12:31:03,202 - INFO - autoreload - autoreload.py - Watching for file changes with StatReloader
2023-08-30 12:31:06,148 - INFO - basehttp - basehttp.py - "POST /report HTTP/1.1" 200 12665
2023-08-30 12:31:09,936 - INFO - basehttp - basehttp.py - "POST /report HTTP/1.1" 200 12477
2023-08-30 12:31:12,698 - INFO - basehttp - basehttp.py - "POST /report HTTP/1.1" 200 12477
2023-08-30 12:31:14,866 - INFO - basehttp - basehttp.py - "POST /report HTTP/1.1" 200 12477
2023-08-30 12:31:17,451 - INFO - basehttp - basehttp.py - "POST /report HTTP/1.1" 200 12477
2023-08-30 12:32:13,990 - INFO - autoreload - autoreload.py - /Users/imacson/Desktop/python_project/HomeworkDjangoPython/Homework/Homework2app/views.py changed, reloading.
2023-08-30 12:32:14,393 - INFO - autoreload - autoreload.py - Watching for file changes with StatReloader
2023-08-30 12:32:16,042 - INFO - basehttp - basehttp.py - "GET / HTTP/1.1" 200 620
2023-08-30 12:32:17,408 - INFO - basehttp - basehttp.py - "GET /report HTTP/1.1" 200 11958
2023-08-30 12:32:21,636 - INFO - basehttp - basehttp.py - "POST /report HTTP/1.1" 200 12234
2023-08-30 12:32:50,226 - INFO - basehttp - basehttp.py - "POST /report HTTP/1.1" 200 12505
2023-08-30 12:32:51,209 - INFO - basehttp - basehttp.py - "POST /report HTTP/1.1" 200 12505
2023-08-30 12:32:51,958 - INFO - basehttp - basehttp.py - "POST /report HTTP/1.1" 200 12505
2023-08-30 12:34:53,131 - INFO - basehttp - basehttp.py - "POST /report HTTP/1.1" 200 12428
2023-08-30 12:34:54,580 - INFO - basehttp - basehttp.py - "POST /report HTTP/1.1" 200 12428
2023-08-30 12:34:55,513 - INFO - basehttp - basehttp.py - "POST /report HTTP/1.1" 200 12428
2023-08-30 12:34:56,479 - INFO - basehttp - basehttp.py - "POST /report HTTP/1.1" 200 12428
2023-08-30 12:34:57,868 - INFO - basehttp - basehttp.py - "POST /report HTTP/1.1" 200 12428
2023-08-30 12:34:58,531 - INFO - basehttp - basehttp.py - "POST /report HTTP/1.1" 200 12428
2023-08-30 12:34:59,151 - INFO - basehttp - basehttp.py - "POST /report HTTP/1.1" 200 12428
2023-08-30 12:34:59,797 - INFO - basehttp - basehttp.py - "POST /report HTTP/1.1" 200 12428
2023-08-30 12:38:44,818 - INFO - autoreload - autoreload.py - /Users/imacson/Desktop/python_project/HomeworkDjangoPython/Homework/Homework2app/views.py changed, reloading.
2023-08-30 12:38:45,185 - INFO - autoreload - autoreload.py - Watching for file changes with StatReloader
2023-08-30 12:38:47,292 - INFO - basehttp - basehttp.py - "POST /report HTTP/1.1" 200 12433
2023-08-30 12:38:50,568 - INFO - basehttp - basehttp.py - "POST /report HTTP/1.1" 200 12439
2023-08-30 12:38:52,069 - INFO - basehttp - basehttp.py - "POST /report HTTP/1.1" 200 12437
2023-08-30 12:38:52,950 - INFO - basehttp - basehttp.py - "POST /report HTTP/1.1" 200 12433
2023-08-30 13:46:50,418 - INFO - basehttp - basehttp.py - "GET / HTTP/1.1" 200 620
2023-08-30 13:46:52,486 - INFO - basehttp - basehttp.py - "GET /client HTTP/1.1" 200 15695
2023-08-30 13:47:01,943 - INFO - basehttp - basehttp.py - "GET /client HTTP/1.1" 200 15695
2023-08-30 13:48:48,542 - INFO - autoreload - autoreload.py - /Users/imacson/Desktop/python_project/HomeworkDjangoPython/Homework/Homework2app/views.py changed, reloading.
2023-08-30 13:48:48,931 - INFO - autoreload - autoreload.py - Watching for file changes with StatReloader
2023-08-30 13:50:12,758 - INFO - autoreload - autoreload.py - /Users/imacson/Desktop/python_project/HomeworkDjangoPython/Homework/Homework2app/views.py changed, reloading.
2023-08-30 13:50:13,116 - INFO - autoreload - autoreload.py - Watching for file changes with StatReloader
2023-08-30 13:50:52,554 - INFO - autoreload - autoreload.py - /Users/imacson/Desktop/python_project/HomeworkDjangoPython/Homework/Homework2app/views.py changed, reloading.
2023-08-30 13:50:53,025 - INFO - autoreload - autoreload.py - Watching for file changes with StatReloader
2023-08-30 13:55:46,336 - INFO - basehttp - basehttp.py - "GET / HTTP/1.1" 200 620
2023-08-30 13:56:24,305 - INFO - basehttp - basehttp.py - "GET / HTTP/1.1" 200 620
2023-08-30 13:56:26,868 - INFO - basehttp - basehttp.py - "GET /client HTTP/1.1" 200 15695
2023-08-31 15:48:30,434 - INFO - autoreload - autoreload.py - Watching for file changes with StatReloader
2023-08-31 15:49:41,989 - INFO - basehttp - basehttp.py - "GET / HTTP/1.1" 200 767
2023-08-31 15:49:42,182 - INFO - basehttp - basehttp.py - "GET /static/Homework2app/css/styles.css HTTP/1.1" 304 0
2023-08-31 15:49:44,306 - ERROR - log - log.py - Internal Server Error: /product_list
Traceback (most recent call last):
  File "/Users/imacson/Desktop/python_project/HomeworkDjangoPython/venv/lib/python3.9/site-packages/django/template/backends/django.py", line 61, in render
    return self.template.render(context)
  File "/Users/imacson/Desktop/python_project/HomeworkDjangoPython/venv/lib/python3.9/site-packages/django/template/base.py", line 175, in render
    return self._render(context)
  File "/Users/imacson/Desktop/python_project/HomeworkDjangoPython/venv/lib/python3.9/site-packages/django/template/base.py", line 167, in _render
    return self.nodelist.render(context)
  File "/Users/imacson/Desktop/python_project/HomeworkDjangoPython/venv/lib/python3.9/site-packages/django/template/base.py", line 1005, in render
    return SafeString("".join([node.render_annotated(context) for node in self]))
  File "/Users/imacson/Desktop/python_project/HomeworkDjangoPython/venv/lib/python3.9/site-packages/django/template/base.py", line 1005, in <listcomp>
    return SafeString("".join([node.render_annotated(context) for node in self]))
  File "/Users/imacson/Desktop/python_project/HomeworkDjangoPython/venv/lib/python3.9/site-packages/django/template/base.py", line 966, in render_annotated
    return self.render(context)
  File "/Users/imacson/Desktop/python_project/HomeworkDjangoPython/venv/lib/python3.9/site-packages/django/template/loader_tags.py", line 132, in render
    compiled_parent = self.get_parent(context)
  File "/Users/imacson/Desktop/python_project/HomeworkDjangoPython/venv/lib/python3.9/site-packages/django/template/loader_tags.py", line 129, in get_parent
    return self.find_template(parent, context)
  File "/Users/imacson/Desktop/python_project/HomeworkDjangoPython/venv/lib/python3.9/site-packages/django/template/loader_tags.py", line 107, in find_template
    template, origin = context.template.engine.find_template(
  File "/Users/imacson/Desktop/python_project/HomeworkDjangoPython/venv/lib/python3.9/site-packages/django/template/engine.py", line 161, in find_template
    raise TemplateDoesNotExist(name, tried=tried)
django.template.exceptions.TemplateDoesNotExist: base.html

The above exception was the direct cause of the following exception:

Traceback (most recent call last):
  File "/Users/imacson/Desktop/python_project/HomeworkDjangoPython/venv/lib/python3.9/site-packages/django/core/handlers/exception.py", line 55, in inner
    response = get_response(request)
  File "/Users/imacson/Desktop/python_project/HomeworkDjangoPython/venv/lib/python3.9/site-packages/django/core/handlers/base.py", line 197, in _get_response
    response = wrapped_callback(request, *callback_args, **callback_kwargs)
  File "/Users/imacson/Desktop/python_project/HomeworkDjangoPython/Homework/Homework2app/views.py", line 299, in product_list
    return render(request, 'product_list.html', {'products': products})
  File "/Users/imacson/Desktop/python_project/HomeworkDjangoPython/venv/lib/python3.9/site-packages/django/shortcuts.py", line 24, in render
    content = loader.render_to_string(template_name, context, request, using=using)
  File "/Users/imacson/Desktop/python_project/HomeworkDjangoPython/venv/lib/python3.9/site-packages/django/template/loader.py", line 62, in render_to_string
    return template.render(context, request)
  File "/Users/imacson/Desktop/python_project/HomeworkDjangoPython/venv/lib/python3.9/site-packages/django/template/backends/django.py", line 63, in render
    reraise(exc, self.backend)
  File "/Users/imacson/Desktop/python_project/HomeworkDjangoPython/venv/lib/python3.9/site-packages/django/template/backends/django.py", line 84, in reraise
    raise new from exc
django.template.exceptions.TemplateDoesNotExist: base.html
2023-08-31 15:49:44,310 - ERROR - basehttp - basehttp.py - "GET /product_list HTTP/1.1" 500 130872
2023-08-31 15:50:01,078 - ERROR - log - log.py - Internal Server Error: /product_list
Traceback (most recent call last):
  File "/Users/imacson/Desktop/python_project/HomeworkDjangoPython/venv/lib/python3.9/site-packages/django/template/backends/django.py", line 61, in render
    return self.template.render(context)
  File "/Users/imacson/Desktop/python_project/HomeworkDjangoPython/venv/lib/python3.9/site-packages/django/template/base.py", line 175, in render
    return self._render(context)
  File "/Users/imacson/Desktop/python_project/HomeworkDjangoPython/venv/lib/python3.9/site-packages/django/template/base.py", line 167, in _render
    return self.nodelist.render(context)
  File "/Users/imacson/Desktop/python_project/HomeworkDjangoPython/venv/lib/python3.9/site-packages/django/template/base.py", line 1005, in render
    return SafeString("".join([node.render_annotated(context) for node in self]))
  File "/Users/imacson/Desktop/python_project/HomeworkDjangoPython/venv/lib/python3.9/site-packages/django/template/base.py", line 1005, in <listcomp>
    return SafeString("".join([node.render_annotated(context) for node in self]))
  File "/Users/imacson/Desktop/python_project/HomeworkDjangoPython/venv/lib/python3.9/site-packages/django/template/base.py", line 966, in render_annotated
    return self.render(context)
  File "/Users/imacson/Desktop/python_project/HomeworkDjangoPython/venv/lib/python3.9/site-packages/django/template/loader_tags.py", line 132, in render
    compiled_parent = self.get_parent(context)
  File "/Users/imacson/Desktop/python_project/HomeworkDjangoPython/venv/lib/python3.9/site-packages/django/template/loader_tags.py", line 129, in get_parent
    return self.find_template(parent, context)
  File "/Users/imacson/Desktop/python_project/HomeworkDjangoPython/venv/lib/python3.9/site-packages/django/template/loader_tags.py", line 107, in find_template
    template, origin = context.template.engine.find_template(
  File "/Users/imacson/Desktop/python_project/HomeworkDjangoPython/venv/lib/python3.9/site-packages/django/template/engine.py", line 161, in find_template
    raise TemplateDoesNotExist(name, tried=tried)
django.template.exceptions.TemplateDoesNotExist: base.html

The above exception was the direct cause of the following exception:

Traceback (most recent call last):
  File "/Users/imacson/Desktop/python_project/HomeworkDjangoPython/venv/lib/python3.9/site-packages/django/core/handlers/exception.py", line 55, in inner
    response = get_response(request)
  File "/Users/imacson/Desktop/python_project/HomeworkDjangoPython/venv/lib/python3.9/site-packages/django/core/handlers/base.py", line 197, in _get_response
    response = wrapped_callback(request, *callback_args, **callback_kwargs)
  File "/Users/imacson/Desktop/python_project/HomeworkDjangoPython/Homework/Homework2app/views.py", line 299, in product_list
    return render(request, 'product_list.html', {'products': products})
  File "/Users/imacson/Desktop/python_project/HomeworkDjangoPython/venv/lib/python3.9/site-packages/django/shortcuts.py", line 24, in render
    content = loader.render_to_string(template_name, context, request, using=using)
  File "/Users/imacson/Desktop/python_project/HomeworkDjangoPython/venv/lib/python3.9/site-packages/django/template/loader.py", line 62, in render_to_string
    return template.render(context, request)
  File "/Users/imacson/Desktop/python_project/HomeworkDjangoPython/venv/lib/python3.9/site-packages/django/template/backends/django.py", line 63, in render
    reraise(exc, self.backend)
  File "/Users/imacson/Desktop/python_project/HomeworkDjangoPython/venv/lib/python3.9/site-packages/django/template/backends/django.py", line 84, in reraise
    raise new from exc
django.template.exceptions.TemplateDoesNotExist: base.html
2023-08-31 15:50:01,081 - ERROR - basehttp - basehttp.py - "GET /product_list HTTP/1.1" 500 130775
2023-08-31 15:50:21,052 - INFO - basehttp - basehttp.py - "GET /product_list HTTP/1.1" 200 6316
2023-08-31 15:50:25,605 - ERROR - log - log.py - Internal Server Error: /64/
Traceback (most recent call last):
  File "/Users/imacson/Desktop/python_project/HomeworkDjangoPython/venv/lib/python3.9/site-packages/django/template/backends/django.py", line 61, in render
    return self.template.render(context)
  File "/Users/imacson/Desktop/python_project/HomeworkDjangoPython/venv/lib/python3.9/site-packages/django/template/base.py", line 175, in render
    return self._render(context)
  File "/Users/imacson/Desktop/python_project/HomeworkDjangoPython/venv/lib/python3.9/site-packages/django/template/base.py", line 167, in _render
    return self.nodelist.render(context)
  File "/Users/imacson/Desktop/python_project/HomeworkDjangoPython/venv/lib/python3.9/site-packages/django/template/base.py", line 1005, in render
    return SafeString("".join([node.render_annotated(context) for node in self]))
  File "/Users/imacson/Desktop/python_project/HomeworkDjangoPython/venv/lib/python3.9/site-packages/django/template/base.py", line 1005, in <listcomp>
    return SafeString("".join([node.render_annotated(context) for node in self]))
  File "/Users/imacson/Desktop/python_project/HomeworkDjangoPython/venv/lib/python3.9/site-packages/django/template/base.py", line 966, in render_annotated
    return self.render(context)
  File "/Users/imacson/Desktop/python_project/HomeworkDjangoPython/venv/lib/python3.9/site-packages/django/template/loader_tags.py", line 132, in render
    compiled_parent = self.get_parent(context)
  File "/Users/imacson/Desktop/python_project/HomeworkDjangoPython/venv/lib/python3.9/site-packages/django/template/loader_tags.py", line 129, in get_parent
    return self.find_template(parent, context)
  File "/Users/imacson/Desktop/python_project/HomeworkDjangoPython/venv/lib/python3.9/site-packages/django/template/loader_tags.py", line 107, in find_template
    template, origin = context.template.engine.find_template(
  File "/Users/imacson/Desktop/python_project/HomeworkDjangoPython/venv/lib/python3.9/site-packages/django/template/engine.py", line 161, in find_template
    raise TemplateDoesNotExist(name, tried=tried)
django.template.exceptions.TemplateDoesNotExist: base.html

The above exception was the direct cause of the following exception:

Traceback (most recent call last):
  File "/Users/imacson/Desktop/python_project/HomeworkDjangoPython/venv/lib/python3.9/site-packages/django/core/handlers/exception.py", line 55, in inner
    response = get_response(request)
  File "/Users/imacson/Desktop/python_project/HomeworkDjangoPython/venv/lib/python3.9/site-packages/django/core/handlers/base.py", line 197, in _get_response
    response = wrapped_callback(request, *callback_args, **callback_kwargs)
  File "/Users/imacson/Desktop/python_project/HomeworkDjangoPython/Homework/Homework2app/views.py", line 304, in product_detail
    return render(request, 'product_detail.html', {'product': product})
  File "/Users/imacson/Desktop/python_project/HomeworkDjangoPython/venv/lib/python3.9/site-packages/django/shortcuts.py", line 24, in render
    content = loader.render_to_string(template_name, context, request, using=using)
  File "/Users/imacson/Desktop/python_project/HomeworkDjangoPython/venv/lib/python3.9/site-packages/django/template/loader.py", line 62, in render_to_string
    return template.render(context, request)
  File "/Users/imacson/Desktop/python_project/HomeworkDjangoPython/venv/lib/python3.9/site-packages/django/template/backends/django.py", line 63, in render
    reraise(exc, self.backend)
  File "/Users/imacson/Desktop/python_project/HomeworkDjangoPython/venv/lib/python3.9/site-packages/django/template/backends/django.py", line 84, in reraise
    raise new from exc
django.template.exceptions.TemplateDoesNotExist: base.html
2023-08-31 15:50:25,608 - ERROR - basehttp - basehttp.py - "GET /64/ HTTP/1.1" 500 125620
2023-08-31 15:50:36,745 - ERROR - log - log.py - Internal Server Error: /64/
Traceback (most recent call last):
  File "/Users/imacson/Desktop/python_project/HomeworkDjangoPython/venv/lib/python3.9/site-packages/django/template/base.py", line 880, in _resolve_lookup
    current = current[bit]
TypeError: 'ImageFieldFile' object is not subscriptable

During handling of the above exception, another exception occurred:

Traceback (most recent call last):
  File "/Users/imacson/Desktop/python_project/HomeworkDjangoPython/venv/lib/python3.9/site-packages/django/core/handlers/exception.py", line 55, in inner
    response = get_response(request)
  File "/Users/imacson/Desktop/python_project/HomeworkDjangoPython/venv/lib/python3.9/site-packages/django/core/handlers/base.py", line 197, in _get_response
    response = wrapped_callback(request, *callback_args, **callback_kwargs)
  File "/Users/imacson/Desktop/python_project/HomeworkDjangoPython/Homework/Homework2app/views.py", line 304, in product_detail
    return render(request, 'product_detail.html', {'product': product})
  File "/Users/imacson/Desktop/python_project/HomeworkDjangoPython/venv/lib/python3.9/site-packages/django/shortcuts.py", line 24, in render
    content = loader.render_to_string(template_name, context, request, using=using)
  File "/Users/imacson/Desktop/python_project/HomeworkDjangoPython/venv/lib/python3.9/site-packages/django/template/loader.py", line 62, in render_to_string
    return template.render(context, request)
  File "/Users/imacson/Desktop/python_project/HomeworkDjangoPython/venv/lib/python3.9/site-packages/django/template/backends/django.py", line 61, in render
    return self.template.render(context)
  File "/Users/imacson/Desktop/python_project/HomeworkDjangoPython/venv/lib/python3.9/site-packages/django/template/base.py", line 175, in render
    return self._render(context)
  File "/Users/imacson/Desktop/python_project/HomeworkDjangoPython/venv/lib/python3.9/site-packages/django/template/base.py", line 167, in _render
    return self.nodelist.render(context)
  File "/Users/imacson/Desktop/python_project/HomeworkDjangoPython/venv/lib/python3.9/site-packages/django/template/base.py", line 1005, in render
    return SafeString("".join([node.render_annotated(context) for node in self]))
  File "/Users/imacson/Desktop/python_project/HomeworkDjangoPython/venv/lib/python3.9/site-packages/django/template/base.py", line 1005, in <listcomp>
    return SafeString("".join([node.render_annotated(context) for node in self]))
  File "/Users/imacson/Desktop/python_project/HomeworkDjangoPython/venv/lib/python3.9/site-packages/django/template/base.py", line 966, in render_annotated
    return self.render(context)
  File "/Users/imacson/Desktop/python_project/HomeworkDjangoPython/venv/lib/python3.9/site-packages/django/template/loader_tags.py", line 157, in render
    return compiled_parent._render(context)
  File "/Users/imacson/Desktop/python_project/HomeworkDjangoPython/venv/lib/python3.9/site-packages/django/template/base.py", line 167, in _render
    return self.nodelist.render(context)
  File "/Users/imacson/Desktop/python_project/HomeworkDjangoPython/venv/lib/python3.9/site-packages/django/template/base.py", line 1005, in render
    return SafeString("".join([node.render_annotated(context) for node in self]))
  File "/Users/imacson/Desktop/python_project/HomeworkDjangoPython/venv/lib/python3.9/site-packages/django/template/base.py", line 1005, in <listcomp>
    return SafeString("".join([node.render_annotated(context) for node in self]))
  File "/Users/imacson/Desktop/python_project/HomeworkDjangoPython/venv/lib/python3.9/site-packages/django/template/base.py", line 966, in render_annotated
    return self.render(context)
  File "/Users/imacson/Desktop/python_project/HomeworkDjangoPython/venv/lib/python3.9/site-packages/django/template/loader_tags.py", line 63, in render
    result = block.nodelist.render(context)
  File "/Users/imacson/Desktop/python_project/HomeworkDjangoPython/venv/lib/python3.9/site-packages/django/template/base.py", line 1005, in render
    return SafeString("".join([node.render_annotated(context) for node in self]))
  File "/Users/imacson/Desktop/python_project/HomeworkDjangoPython/venv/lib/python3.9/site-packages/django/template/base.py", line 1005, in <listcomp>
    return SafeString("".join([node.render_annotated(context) for node in self]))
  File "/Users/imacson/Desktop/python_project/HomeworkDjangoPython/venv/lib/python3.9/site-packages/django/template/base.py", line 966, in render_annotated
    return self.render(context)
  File "/Users/imacson/Desktop/python_project/HomeworkDjangoPython/venv/lib/python3.9/site-packages/django/template/base.py", line 1064, in render
    output = self.filter_expression.resolve(context)
  File "/Users/imacson/Desktop/python_project/HomeworkDjangoPython/venv/lib/python3.9/site-packages/django/template/base.py", line 715, in resolve
    obj = self.var.resolve(context)
  File "/Users/imacson/Desktop/python_project/HomeworkDjangoPython/venv/lib/python3.9/site-packages/django/template/base.py", line 847, in resolve
    value = self._resolve_lookup(context)
  File "/Users/imacson/Desktop/python_project/HomeworkDjangoPython/venv/lib/python3.9/site-packages/django/template/base.py", line 890, in _resolve_lookup
    current = getattr(current, bit)
  File "/Users/imacson/Desktop/python_project/HomeworkDjangoPython/venv/lib/python3.9/site-packages/django/db/models/fields/files.py", line 66, in url
    self._require_file()
  File "/Users/imacson/Desktop/python_project/HomeworkDjangoPython/venv/lib/python3.9/site-packages/django/db/models/fields/files.py", line 41, in _require_file
    raise ValueError(
ValueError: The 'product_photo' attribute has no file associated with it.
2023-08-31 15:50:36,752 - ERROR - basehttp - basehttp.py - "GET /64/ HTTP/1.1" 500 167395
2023-08-31 15:50:37,766 - ERROR - log - log.py - Internal Server Error: /64/
Traceback (most recent call last):
  File "/Users/imacson/Desktop/python_project/HomeworkDjangoPython/venv/lib/python3.9/site-packages/django/template/base.py", line 880, in _resolve_lookup
    current = current[bit]
TypeError: 'ImageFieldFile' object is not subscriptable

During handling of the above exception, another exception occurred:

Traceback (most recent call last):
  File "/Users/imacson/Desktop/python_project/HomeworkDjangoPython/venv/lib/python3.9/site-packages/django/core/handlers/exception.py", line 55, in inner
    response = get_response(request)
  File "/Users/imacson/Desktop/python_project/HomeworkDjangoPython/venv/lib/python3.9/site-packages/django/core/handlers/base.py", line 197, in _get_response
    response = wrapped_callback(request, *callback_args, **callback_kwargs)
  File "/Users/imacson/Desktop/python_project/HomeworkDjangoPython/Homework/Homework2app/views.py", line 304, in product_detail
    return render(request, 'product_detail.html', {'product': product})
  File "/Users/imacson/Desktop/python_project/HomeworkDjangoPython/venv/lib/python3.9/site-packages/django/shortcuts.py", line 24, in render
    content = loader.render_to_string(template_name, context, request, using=using)
  File "/Users/imacson/Desktop/python_project/HomeworkDjangoPython/venv/lib/python3.9/site-packages/django/template/loader.py", line 62, in render_to_string
    return template.render(context, request)
  File "/Users/imacson/Desktop/python_project/HomeworkDjangoPython/venv/lib/python3.9/site-packages/django/template/backends/django.py", line 61, in render
    return self.template.render(context)
  File "/Users/imacson/Desktop/python_project/HomeworkDjangoPython/venv/lib/python3.9/site-packages/django/template/base.py", line 175, in render
    return self._render(context)
  File "/Users/imacson/Desktop/python_project/HomeworkDjangoPython/venv/lib/python3.9/site-packages/django/template/base.py", line 167, in _render
    return self.nodelist.render(context)
  File "/Users/imacson/Desktop/python_project/HomeworkDjangoPython/venv/lib/python3.9/site-packages/django/template/base.py", line 1005, in render
    return SafeString("".join([node.render_annotated(context) for node in self]))
  File "/Users/imacson/Desktop/python_project/HomeworkDjangoPython/venv/lib/python3.9/site-packages/django/template/base.py", line 1005, in <listcomp>
    return SafeString("".join([node.render_annotated(context) for node in self]))
  File "/Users/imacson/Desktop/python_project/HomeworkDjangoPython/venv/lib/python3.9/site-packages/django/template/base.py", line 966, in render_annotated
    return self.render(context)
  File "/Users/imacson/Desktop/python_project/HomeworkDjangoPython/venv/lib/python3.9/site-packages/django/template/loader_tags.py", line 157, in render
    return compiled_parent._render(context)
  File "/Users/imacson/Desktop/python_project/HomeworkDjangoPython/venv/lib/python3.9/site-packages/django/template/base.py", line 167, in _render
    return self.nodelist.render(context)
  File "/Users/imacson/Desktop/python_project/HomeworkDjangoPython/venv/lib/python3.9/site-packages/django/template/base.py", line 1005, in render
    return SafeString("".join([node.render_annotated(context) for node in self]))
  File "/Users/imacson/Desktop/python_project/HomeworkDjangoPython/venv/lib/python3.9/site-packages/django/template/base.py", line 1005, in <listcomp>
    return SafeString("".join([node.render_annotated(context) for node in self]))
  File "/Users/imacson/Desktop/python_project/HomeworkDjangoPython/venv/lib/python3.9/site-packages/django/template/base.py", line 966, in render_annotated
    return self.render(context)
  File "/Users/imacson/Desktop/python_project/HomeworkDjangoPython/venv/lib/python3.9/site-packages/django/template/loader_tags.py", line 63, in render
    result = block.nodelist.render(context)
  File "/Users/imacson/Desktop/python_project/HomeworkDjangoPython/venv/lib/python3.9/site-packages/django/template/base.py", line 1005, in render
    return SafeString("".join([node.render_annotated(context) for node in self]))
  File "/Users/imacson/Desktop/python_project/HomeworkDjangoPython/venv/lib/python3.9/site-packages/django/template/base.py", line 1005, in <listcomp>
    return SafeString("".join([node.render_annotated(context) for node in self]))
  File "/Users/imacson/Desktop/python_project/HomeworkDjangoPython/venv/lib/python3.9/site-packages/django/template/base.py", line 966, in render_annotated
    return self.render(context)
  File "/Users/imacson/Desktop/python_project/HomeworkDjangoPython/venv/lib/python3.9/site-packages/django/template/base.py", line 1064, in render
    output = self.filter_expression.resolve(context)
  File "/Users/imacson/Desktop/python_project/HomeworkDjangoPython/venv/lib/python3.9/site-packages/django/template/base.py", line 715, in resolve
    obj = self.var.resolve(context)
  File "/Users/imacson/Desktop/python_project/HomeworkDjangoPython/venv/lib/python3.9/site-packages/django/template/base.py", line 847, in resolve
    value = self._resolve_lookup(context)
  File "/Users/imacson/Desktop/python_project/HomeworkDjangoPython/venv/lib/python3.9/site-packages/django/template/base.py", line 890, in _resolve_lookup
    current = getattr(current, bit)
  File "/Users/imacson/Desktop/python_project/HomeworkDjangoPython/venv/lib/python3.9/site-packages/django/db/models/fields/files.py", line 66, in url
    self._require_file()
  File "/Users/imacson/Desktop/python_project/HomeworkDjangoPython/venv/lib/python3.9/site-packages/django/db/models/fields/files.py", line 41, in _require_file
    raise ValueError(
ValueError: The 'product_photo' attribute has no file associated with it.
2023-08-31 15:50:37,771 - ERROR - basehttp - basehttp.py - "GET /64/ HTTP/1.1" 500 167395
2023-08-31 15:52:23,330 - INFO - basehttp - basehttp.py - "GET /64/ HTTP/1.1" 200 1051
2023-08-31 15:53:03,078 - WARNING - log - log.py - Not Found: /64/product_detail
2023-08-31 15:53:03,078 - WARNING - basehttp - basehttp.py - "GET /64/product_detail HTTP/1.1" 404 3998
2023-08-31 15:53:11,563 - WARNING - log - log.py - Not Found: /64/product_detail
2023-08-31 15:53:11,563 - WARNING - basehttp - basehttp.py - "GET /64/product_detail HTTP/1.1" 404 3998
2023-08-31 15:53:15,629 - INFO - basehttp - basehttp.py - "GET /64/ HTTP/1.1" 200 982
2023-08-31 15:53:17,848 - WARNING - log - log.py - Not Found: /64/product_list
2023-08-31 15:53:17,848 - WARNING - basehttp - basehttp.py - "GET /64/product_list HTTP/1.1" 404 3992
2023-08-31 15:53:25,801 - WARNING - log - log.py - Not Found: /64/product_list
2023-08-31 15:53:25,802 - WARNING - basehttp - basehttp.py - "GET /64/product_list HTTP/1.1" 404 3992
2023-08-31 15:53:43,372 - INFO - autoreload - autoreload.py - /Users/imacson/Desktop/python_project/HomeworkDjangoPython/Homework/Homework2app/urls.py changed, reloading.
2023-08-31 15:53:43,693 - INFO - autoreload - autoreload.py - Watching for file changes with StatReloader
2023-08-31 15:53:44,627 - WARNING - log - log.py - Not Found: /64/product_list
2023-08-31 15:53:44,628 - WARNING - basehttp - basehttp.py - "GET /64/product_list HTTP/1.1" 404 3807
2023-08-31 15:53:45,359 - WARNING - log - log.py - Not Found: /64/product_list
2023-08-31 15:53:45,359 - WARNING - basehttp - basehttp.py - "GET /64/product_list HTTP/1.1" 404 3807
2023-08-31 15:53:50,938 - INFO - autoreload - autoreload.py - /Users/imacson/Desktop/python_project/HomeworkDjangoPython/Homework/Homework2app/urls.py changed, reloading.
2023-08-31 15:53:51,267 - INFO - autoreload - autoreload.py - Watching for file changes with StatReloader
2023-08-31 15:53:52,050 - WARNING - log - log.py - Not Found: /64/product_list
2023-08-31 15:53:52,051 - WARNING - basehttp - basehttp.py - "GET /64/product_list HTTP/1.1" 404 3992
2023-08-31 15:53:53,110 - WARNING - log - log.py - Not Found: /64/product_list
2023-08-31 15:53:53,110 - WARNING - basehttp - basehttp.py - "GET /64/product_list HTTP/1.1" 404 3992
2023-08-31 15:53:58,595 - INFO - basehttp - basehttp.py - "GET / HTTP/1.1" 200 767
2023-08-31 15:54:00,689 - INFO - basehttp - basehttp.py - "GET /product_list HTTP/1.1" 200 6316
2023-08-31 15:54:03,795 - INFO - basehttp - basehttp.py - "GET /62/ HTTP/1.1" 200 1162
2023-08-31 15:55:26,455 - INFO - basehttp - basehttp.py - "GET /62/ HTTP/1.1" 200 1199
2023-08-31 15:55:41,110 - WARNING - log - log.py - Not Found: /64/product_list
2023-08-31 15:55:41,110 - WARNING - basehttp - basehttp.py - "GET /64/product_list HTTP/1.1" 404 3992
2023-08-31 16:17:16,411 - INFO - autoreload - autoreload.py - /Users/imacson/Desktop/python_project/HomeworkDjangoPython/Homework/Homework2app/views.py changed, reloading.
2023-08-31 16:17:16,800 - INFO - autoreload - autoreload.py - Watching for file changes with StatReloader
2023-08-31 16:20:24,510 - INFO - basehttp - basehttp.py - "GET / HTTP/1.1" 200 767
2023-08-31 16:20:24,610 - INFO - autoreload - autoreload.py - /Users/imacson/Desktop/python_project/HomeworkDjangoPython/Homework/Homework2app/urls.py changed, reloading.
2023-08-31 16:20:25,113 - INFO - autoreload - autoreload.py - Watching for file changes with StatReloader
2023-08-31 16:20:37,769 - INFO - basehttp - basehttp.py - "GET /product_list HTTP/1.1" 200 6316
2023-08-31 16:22:12,703 - INFO - basehttp - basehttp.py - "GET /product_list HTTP/1.1" 200 6316
2023-08-31 16:22:14,785 - INFO - basehttp - basehttp.py - "GET /product_list HTTP/1.1" 200 6417
2023-08-31 16:22:16,365 - INFO - basehttp - basehttp.py - "GET /add_product HTTP/1.1" 301 0
2023-08-31 16:22:16,411 - ERROR - log - log.py - Internal Server Error: /add_product/
Traceback (most recent call last):
  File "/Users/imacson/Desktop/python_project/HomeworkDjangoPython/venv/lib/python3.9/site-packages/django/template/backends/django.py", line 61, in render
    return self.template.render(context)
  File "/Users/imacson/Desktop/python_project/HomeworkDjangoPython/venv/lib/python3.9/site-packages/django/template/base.py", line 175, in render
    return self._render(context)
  File "/Users/imacson/Desktop/python_project/HomeworkDjangoPython/venv/lib/python3.9/site-packages/django/template/base.py", line 167, in _render
    return self.nodelist.render(context)
  File "/Users/imacson/Desktop/python_project/HomeworkDjangoPython/venv/lib/python3.9/site-packages/django/template/base.py", line 1005, in render
    return SafeString("".join([node.render_annotated(context) for node in self]))
  File "/Users/imacson/Desktop/python_project/HomeworkDjangoPython/venv/lib/python3.9/site-packages/django/template/base.py", line 1005, in <listcomp>
    return SafeString("".join([node.render_annotated(context) for node in self]))
  File "/Users/imacson/Desktop/python_project/HomeworkDjangoPython/venv/lib/python3.9/site-packages/django/template/base.py", line 966, in render_annotated
    return self.render(context)
  File "/Users/imacson/Desktop/python_project/HomeworkDjangoPython/venv/lib/python3.9/site-packages/django/template/loader_tags.py", line 132, in render
    compiled_parent = self.get_parent(context)
  File "/Users/imacson/Desktop/python_project/HomeworkDjangoPython/venv/lib/python3.9/site-packages/django/template/loader_tags.py", line 129, in get_parent
    return self.find_template(parent, context)
  File "/Users/imacson/Desktop/python_project/HomeworkDjangoPython/venv/lib/python3.9/site-packages/django/template/loader_tags.py", line 107, in find_template
    template, origin = context.template.engine.find_template(
  File "/Users/imacson/Desktop/python_project/HomeworkDjangoPython/venv/lib/python3.9/site-packages/django/template/engine.py", line 161, in find_template
    raise TemplateDoesNotExist(name, tried=tried)
django.template.exceptions.TemplateDoesNotExist: base.html

The above exception was the direct cause of the following exception:

Traceback (most recent call last):
  File "/Users/imacson/Desktop/python_project/HomeworkDjangoPython/venv/lib/python3.9/site-packages/django/core/handlers/exception.py", line 55, in inner
    response = get_response(request)
  File "/Users/imacson/Desktop/python_project/HomeworkDjangoPython/venv/lib/python3.9/site-packages/django/core/handlers/base.py", line 197, in _get_response
    response = wrapped_callback(request, *callback_args, **callback_kwargs)
  File "/Users/imacson/Desktop/python_project/HomeworkDjangoPython/Homework/Homework2app/views.py", line 314, in add_product
    return render(request, 'add_product.html', {'form': form})
  File "/Users/imacson/Desktop/python_project/HomeworkDjangoPython/venv/lib/python3.9/site-packages/django/shortcuts.py", line 24, in render
    content = loader.render_to_string(template_name, context, request, using=using)
  File "/Users/imacson/Desktop/python_project/HomeworkDjangoPython/venv/lib/python3.9/site-packages/django/template/loader.py", line 62, in render_to_string
    return template.render(context, request)
  File "/Users/imacson/Desktop/python_project/HomeworkDjangoPython/venv/lib/python3.9/site-packages/django/template/backends/django.py", line 63, in render
    reraise(exc, self.backend)
  File "/Users/imacson/Desktop/python_project/HomeworkDjangoPython/venv/lib/python3.9/site-packages/django/template/backends/django.py", line 84, in reraise
    raise new from exc
django.template.exceptions.TemplateDoesNotExist: base.html
2023-08-31 16:22:16,414 - ERROR - basehttp - basehttp.py - "GET /add_product/ HTTP/1.1" 500 126892
2023-08-31 16:22:34,786 - INFO - basehttp - basehttp.py - "GET /add_product/ HTTP/1.1" 200 1841
2023-08-31 16:24:25,437 - INFO - autoreload - autoreload.py - /Users/imacson/Desktop/python_project/HomeworkDjangoPython/Homework/Homework2app/forms.py changed, reloading.
2023-08-31 16:24:25,809 - INFO - autoreload - autoreload.py - Watching for file changes with StatReloader
2023-08-31 16:26:14,321 - INFO - autoreload - autoreload.py - Watching for file changes with StatReloader
2023-08-31 16:26:16,536 - INFO - basehttp - basehttp.py - "GET / HTTP/1.1" 200 767
2023-08-31 16:26:16,586 - INFO - basehttp - basehttp.py - "GET /static/Homework2app/css/styles.css HTTP/1.1" 200 6771
2023-08-31 16:26:18,050 - INFO - basehttp - basehttp.py - "GET /product_list HTTP/1.1" 200 6417
2023-08-31 16:26:19,147 - INFO - basehttp - basehttp.py - "GET /add_product/ HTTP/1.1" 200 1841
2023-08-31 19:34:22,600 - INFO - autoreload - autoreload.py - Watching for file changes with StatReloader
2023-08-31 19:34:27,582 - INFO - basehttp - basehttp.py - "GET / HTTP/1.1" 200 767
2023-08-31 19:34:29,638 - INFO - basehttp - basehttp.py - "GET /about HTTP/1.1" 200 749
2023-08-31 19:34:30,541 - INFO - basehttp - basehttp.py - "GET /client HTTP/1.1" 200 15842
2023-08-31 19:34:32,263 - INFO - basehttp - basehttp.py - "GET /read_client HTTP/1.1" 200 1700
2023-08-31 19:34:36,375 - INFO - basehttp - basehttp.py - "GET /client HTTP/1.1" 200 15842
2023-08-31 19:34:37,562 - INFO - basehttp - basehttp.py - "GET /create_client HTTP/1.1" 200 1322
2023-08-31 19:34:39,110 - INFO - basehttp - basehttp.py - "GET /client HTTP/1.1" 200 15842
2023-08-31 19:34:39,623 - INFO - basehttp - basehttp.py - "GET /index HTTP/1.1" 200 767
2023-08-31 19:34:40,706 - INFO - basehttp - basehttp.py - "GET /report HTTP/1.1" 200 12055
2023-09-03 16:55:25,578 - INFO - autoreload - autoreload.py - Watching for file changes with StatReloader
2023-09-03 16:55:34,429 - INFO - autoreload - autoreload.py - Watching for file changes with StatReloader
2023-09-03 16:55:37,647 - INFO - basehttp - basehttp.py - "GET / HTTP/1.1" 200 767
2023-09-03 16:55:37,853 - INFO - basehttp - basehttp.py - "GET /static/Homework2app/css/styles.css HTTP/1.1" 200 6771
2023-09-03 16:55:46,073 - INFO - basehttp - basehttp.py - "GET / HTTP/1.1" 200 767
2023-09-03 16:55:47,019 - INFO - basehttp - basehttp.py - "GET / HTTP/1.1" 200 767
2023-09-03 16:55:49,856 - INFO - basehttp - basehttp.py - "GET /admin HTTP/1.1" 301 0
2023-09-03 16:55:49,873 - INFO - basehttp - basehttp.py - "GET /admin/ HTTP/1.1" 302 0
2023-09-03 16:55:49,904 - INFO - basehttp - basehttp.py - "GET /admin/login/?next=/admin/ HTTP/1.1" 200 4181
2023-09-03 16:55:49,918 - INFO - basehttp - basehttp.py - "GET /static/admin/css/dark_mode.css HTTP/1.1" 200 2929
2023-09-03 16:55:49,918 - INFO - basehttp - basehttp.py - "GET /static/admin/css/base.css HTTP/1.1" 200 21207
2023-09-03 16:55:49,923 - INFO - basehttp - basehttp.py - "GET /static/admin/css/login.css HTTP/1.1" 200 958
2023-09-03 16:55:49,924 - INFO - basehttp - basehttp.py - "GET /static/admin/js/theme.js HTTP/1.1" 200 1943
2023-09-03 16:55:49,924 - INFO - basehttp - basehttp.py - "GET /static/admin/css/nav_sidebar.css HTTP/1.1" 200 2694
2023-09-03 16:55:49,926 - INFO - basehttp - basehttp.py - "GET /static/admin/js/nav_sidebar.js HTTP/1.1" 200 3063
2023-09-03 16:55:49,927 - INFO - basehttp - basehttp.py - "GET /static/admin/css/responsive.css HTTP/1.1" 200 18533
2023-09-03 16:56:20,179 - INFO - autoreload - autoreload.py - /Users/imacson/Desktop/python_project/HomeworkDjangoPython/Homework/Homework/settings.py changed, reloading.
2023-09-03 16:56:20,526 - INFO - autoreload - autoreload.py - Watching for file changes with StatReloader
2023-09-03 18:08:22,726 - INFO - autoreload - autoreload.py - Watching for file changes with StatReloader
2023-09-03 18:08:25,315 - INFO - basehttp - basehttp.py - "GET /admin/login/?next=/admin/ HTTP/1.1" 200 4181
2023-09-03 18:08:27,913 - INFO - basehttp - basehttp.py - "POST /admin/login/?next=/admin/ HTTP/1.1" 302 0
2023-09-03 18:08:28,093 - INFO - basehttp - basehttp.py - "GET /admin/ HTTP/1.1" 200 5556
2023-09-03 18:08:28,103 - INFO - basehttp - basehttp.py - "GET /static/admin/css/dashboard.css HTTP/1.1" 200 441
2023-09-03 18:08:28,115 - INFO - basehttp - basehttp.py - "GET /static/admin/img/icon-changelink.svg HTTP/1.1" 200 380
2023-09-03 18:08:28,116 - INFO - basehttp - basehttp.py - "GET /static/admin/img/icon-addlink.svg HTTP/1.1" 200 331
2023-09-03 18:11:10,460 - INFO - autoreload - autoreload.py - /Users/imacson/Desktop/python_project/HomeworkDjangoPython/Homework/Homework2app/models.py changed, reloading.
2023-09-03 18:11:10,821 - INFO - autoreload - autoreload.py - Watching for file changes with StatReloader
2023-09-03 18:12:18,559 - INFO - autoreload - autoreload.py - /Users/imacson/Desktop/python_project/HomeworkDjangoPython/Homework/Homework2app/models.py changed, reloading.
2023-09-03 18:12:18,896 - INFO - autoreload - autoreload.py - Watching for file changes with StatReloader
2023-09-03 18:13:16,745 - INFO - autoreload - autoreload.py - Watching for file changes with StatReloader
2023-09-03 18:13:18,564 - INFO - basehttp - basehttp.py - "GET / HTTP/1.1" 200 767
2023-09-03 18:13:22,550 - INFO - basehttp - basehttp.py - "GET /admin/ HTTP/1.1" 200 5556
2023-09-03 18:13:23,543 - INFO - basehttp - basehttp.py - "GET /admin/ HTTP/1.1" 200 5556
2023-09-03 18:14:04,408 - INFO - autoreload - autoreload.py - /Users/imacson/Desktop/python_project/HomeworkDjangoPython/Homework/Homework2app/admin.py changed, reloading.
2023-09-03 18:14:04,735 - INFO - autoreload - autoreload.py - Watching for file changes with StatReloader
2023-09-03 18:14:04,937 - INFO - basehttp - basehttp.py - "GET /admin/ HTTP/1.1" 200 6699
2023-09-03 18:15:13,474 - INFO - autoreload - autoreload.py - /Users/imacson/Desktop/python_project/HomeworkDjangoPython/Homework/Homework2app/admin.py changed, reloading.
2023-09-03 18:15:13,813 - INFO - autoreload - autoreload.py - Watching for file changes with StatReloader
2023-09-03 18:15:14,650 - INFO - basehttp - basehttp.py - "GET /admin/ HTTP/1.1" 200 8018
2023-09-03 18:15:26,564 - INFO - basehttp - basehttp.py - "GET /admin/Homework2app/order/add/ HTTP/1.1" 200 27888
2023-09-03 18:15:26,587 - INFO - basehttp - basehttp.py - "GET /static/admin/js/core.js HTTP/1.1" 200 5682
2023-09-03 18:15:26,587 - INFO - basehttp - basehttp.py - "GET /static/admin/js/jquery.init.js HTTP/1.1" 200 347
2023-09-03 18:15:26,588 - INFO - basehttp - basehttp.py - "GET /static/admin/css/forms.css HTTP/1.1" 200 9047
2023-09-03 18:15:26,591 - INFO - basehttp - basehttp.py - "GET /static/admin/js/urlify.js HTTP/1.1" 200 7887
2023-09-03 18:15:26,592 - INFO - basehttp - basehttp.py - "GET /static/admin/js/admin/RelatedObjectLookups.js HTTP/1.1" 200 8943
2023-09-03 18:15:26,595 - INFO - basehttp - basehttp.py - "GET /static/admin/js/actions.js HTTP/1.1" 200 7872
2023-09-03 18:15:26,596 - INFO - basehttp - basehttp.py - "GET /admin/jsi18n/ HTTP/1.1" 200 3343
2023-09-03 18:15:26,597 - INFO - basehttp - basehttp.py - "GET /static/admin/js/prepopulate.js HTTP/1.1" 200 1531
2023-09-03 18:15:26,599 - INFO - basehttp - basehttp.py - "GET /static/admin/js/prepopulate_init.js HTTP/1.1" 200 586
2023-09-03 18:15:26,602 - INFO - basehttp - basehttp.py - "GET /static/admin/js/change_form.js HTTP/1.1" 200 606
2023-09-03 18:15:26,602 - INFO - basehttp - basehttp.py - "GET /static/admin/css/widgets.css HTTP/1.1" 200 11900
2023-09-03 18:15:26,604 - INFO - basehttp - basehttp.py - "GET /static/admin/js/vendor/xregexp/xregexp.js HTTP/1.1" 200 232381
2023-09-03 18:15:26,606 - INFO - basehttp - basehttp.py - "GET /static/admin/img/icon-viewlink.svg HTTP/1.1" 200 581
2023-09-03 18:15:26,607 - INFO - basehttp - basehttp.py - "GET /static/admin/js/vendor/jquery/jquery.js HTTP/1.1" 200 292458
2023-09-03 18:15:41,464 - INFO - basehttp - basehttp.py - "GET /admin/Homework2app/products/add/?_to_field=id&_popup=1 HTTP/1.1" 200 7127
2023-09-03 18:15:41,475 - INFO - basehttp - basehttp.py - "GET /admin/jsi18n/ HTTP/1.1" 200 3343
2023-09-03 18:15:52,504 - INFO - basehttp - basehttp.py - "POST /admin/Homework2app/order/add/ HTTP/1.1" 302 0
2023-09-03 18:15:52,546 - INFO - basehttp - basehttp.py - "GET /admin/Homework2app/order/add/ HTTP/1.1" 200 28167
2023-09-03 18:15:52,559 - INFO - basehttp - basehttp.py - "GET /admin/jsi18n/ HTTP/1.1" 200 3343
2023-09-03 18:15:52,573 - INFO - basehttp - basehttp.py - "GET /static/admin/img/icon-yes.svg HTTP/1.1" 200 436
2023-09-03 18:43:43,780 - INFO - autoreload - autoreload.py - /Users/imacson/Desktop/python_project/HomeworkDjangoPython/Homework/Homework2app/models.py changed, reloading.
2023-09-03 18:43:44,114 - INFO - autoreload - autoreload.py - Watching for file changes with StatReloader
2023-09-03 18:44:52,886 - INFO - autoreload - autoreload.py - /Users/imacson/Desktop/python_project/HomeworkDjangoPython/Homework/Homework2app/models.py changed, reloading.
2023-09-03 18:44:53,254 - INFO - autoreload - autoreload.py - Watching for file changes with StatReloader
2023-09-03 18:52:07,714 - WARNING - log - log.py - Not Found: /product_detail
2023-09-03 18:52:07,715 - WARNING - basehttp - basehttp.py - "GET /product_detail HTTP/1.1" 404 4321
2023-09-03 18:52:10,543 - INFO - basehttp - basehttp.py - "GET /product_list HTTP/1.1" 200 6417
2023-09-03 18:52:12,366 - INFO - basehttp - basehttp.py - "GET /20/ HTTP/1.1" 200 1036
2023-09-03 18:52:22,137 - INFO - basehttp - basehttp.py - "GET /admin/Homework2app/order/add/ HTTP/1.1" 200 27888
2023-09-03 18:52:22,150 - INFO - basehttp - basehttp.py - "GET /admin/jsi18n/ HTTP/1.1" 200 3343
2023-09-03 18:52:39,823 - ERROR - log - log.py - Internal Server Error: /admin/Homework2app/product/
Traceback (most recent call last):
  File "/Users/imacson/Desktop/python_project/HomeworkDjangoPython/venv/lib/python3.9/site-packages/django/db/backends/utils.py", line 89, in _execute
    return self.cursor.execute(sql, params)
  File "/Users/imacson/Desktop/python_project/HomeworkDjangoPython/venv/lib/python3.9/site-packages/django/db/backends/sqlite3/base.py", line 328, in execute
    return super().execute(query, params)
sqlite3.OperationalError: no such column: Homework2app_product.description

The above exception was the direct cause of the following exception:

Traceback (most recent call last):
  File "/Users/imacson/Desktop/python_project/HomeworkDjangoPython/venv/lib/python3.9/site-packages/django/core/handlers/exception.py", line 55, in inner
    response = get_response(request)
  File "/Users/imacson/Desktop/python_project/HomeworkDjangoPython/venv/lib/python3.9/site-packages/django/core/handlers/base.py", line 197, in _get_response
    response = wrapped_callback(request, *callback_args, **callback_kwargs)
  File "/Users/imacson/Desktop/python_project/HomeworkDjangoPython/venv/lib/python3.9/site-packages/django/contrib/admin/options.py", line 688, in wrapper
    return self.admin_site.admin_view(view)(*args, **kwargs)
  File "/Users/imacson/Desktop/python_project/HomeworkDjangoPython/venv/lib/python3.9/site-packages/django/utils/decorators.py", line 134, in _wrapper_view
    response = view_func(request, *args, **kwargs)
  File "/Users/imacson/Desktop/python_project/HomeworkDjangoPython/venv/lib/python3.9/site-packages/django/views/decorators/cache.py", line 62, in _wrapper_view_func
    response = view_func(request, *args, **kwargs)
  File "/Users/imacson/Desktop/python_project/HomeworkDjangoPython/venv/lib/python3.9/site-packages/django/contrib/admin/sites.py", line 242, in inner
    return view(request, *args, **kwargs)
  File "/Users/imacson/Desktop/python_project/HomeworkDjangoPython/venv/lib/python3.9/site-packages/django/utils/decorators.py", line 46, in _wrapper
    return bound_method(*args, **kwargs)
  File "/Users/imacson/Desktop/python_project/HomeworkDjangoPython/venv/lib/python3.9/site-packages/django/utils/decorators.py", line 134, in _wrapper_view
    response = view_func(request, *args, **kwargs)
  File "/Users/imacson/Desktop/python_project/HomeworkDjangoPython/venv/lib/python3.9/site-packages/django/contrib/admin/options.py", line 2065, in changelist_view
    "selection_note": _("0 of %(cnt)s selected") % {"cnt": len(cl.result_list)},
  File "/Users/imacson/Desktop/python_project/HomeworkDjangoPython/venv/lib/python3.9/site-packages/django/db/models/query.py", line 380, in __len__
    self._fetch_all()
  File "/Users/imacson/Desktop/python_project/HomeworkDjangoPython/venv/lib/python3.9/site-packages/django/db/models/query.py", line 1881, in _fetch_all
    self._result_cache = list(self._iterable_class(self))
  File "/Users/imacson/Desktop/python_project/HomeworkDjangoPython/venv/lib/python3.9/site-packages/django/db/models/query.py", line 91, in __iter__
    results = compiler.execute_sql(
  File "/Users/imacson/Desktop/python_project/HomeworkDjangoPython/venv/lib/python3.9/site-packages/django/db/models/sql/compiler.py", line 1562, in execute_sql
    cursor.execute(sql, params)
  File "/Users/imacson/Desktop/python_project/HomeworkDjangoPython/venv/lib/python3.9/site-packages/django/db/backends/utils.py", line 102, in execute
    return super().execute(sql, params)
  File "/Users/imacson/Desktop/python_project/HomeworkDjangoPython/venv/lib/python3.9/site-packages/django/db/backends/utils.py", line 67, in execute
    return self._execute_with_wrappers(
  File "/Users/imacson/Desktop/python_project/HomeworkDjangoPython/venv/lib/python3.9/site-packages/django/db/backends/utils.py", line 80, in _execute_with_wrappers
    return executor(sql, params, many, context)
  File "/Users/imacson/Desktop/python_project/HomeworkDjangoPython/venv/lib/python3.9/site-packages/django/db/backends/utils.py", line 89, in _execute
    return self.cursor.execute(sql, params)
  File "/Users/imacson/Desktop/python_project/HomeworkDjangoPython/venv/lib/python3.9/site-packages/django/db/utils.py", line 91, in __exit__
    raise dj_exc_value.with_traceback(traceback) from exc_value
  File "/Users/imacson/Desktop/python_project/HomeworkDjangoPython/venv/lib/python3.9/site-packages/django/db/backends/utils.py", line 89, in _execute
    return self.cursor.execute(sql, params)
  File "/Users/imacson/Desktop/python_project/HomeworkDjangoPython/venv/lib/python3.9/site-packages/django/db/backends/sqlite3/base.py", line 328, in execute
    return super().execute(query, params)
django.db.utils.OperationalError: no such column: Homework2app_product.description
2023-09-03 18:52:39,829 - ERROR - basehttp - basehttp.py - "GET /admin/Homework2app/product/ HTTP/1.1" 500 156812
2023-09-03 18:52:42,891 - INFO - basehttp - basehttp.py - "GET /admin/Homework2app/products/ HTTP/1.1" 200 32088
2023-09-03 18:52:42,932 - INFO - basehttp - basehttp.py - "GET /admin/jsi18n/ HTTP/1.1" 200 3343
2023-09-03 18:52:42,933 - INFO - basehttp - basehttp.py - "GET /static/admin/css/changelists.css HTTP/1.1" 200 6566
2023-09-03 18:52:42,933 - INFO - basehttp - basehttp.py - "GET /static/admin/js/filters.js HTTP/1.1" 200 978
2023-09-03 18:52:42,955 - INFO - basehttp - basehttp.py - "GET /static/admin/img/tooltag-add.svg HTTP/1.1" 200 331
2023-09-03 18:52:47,495 - INFO - basehttp - basehttp.py - "GET /admin/Homework2app/category/ HTTP/1.1" 200 8743
2023-09-03 18:52:47,506 - INFO - basehttp - basehttp.py - "GET /admin/jsi18n/ HTTP/1.1" 200 3343
2023-09-03 18:52:49,772 - INFO - basehttp - basehttp.py - "GET /admin/Homework2app/client/ HTTP/1.1" 200 38318
2023-09-03 18:52:49,784 - INFO - basehttp - basehttp.py - "GET /admin/jsi18n/ HTTP/1.1" 200 3343
2023-09-03 18:52:51,918 - INFO - basehttp - basehttp.py - "GET /admin/Homework2app/order/ HTTP/1.1" 200 37928
2023-09-03 18:52:51,930 - INFO - basehttp - basehttp.py - "GET /admin/jsi18n/ HTTP/1.1" 200 3343
2023-09-03 18:52:53,045 - ERROR - log - log.py - Internal Server Error: /admin/Homework2app/product/
Traceback (most recent call last):
  File "/Users/imacson/Desktop/python_project/HomeworkDjangoPython/venv/lib/python3.9/site-packages/django/db/backends/utils.py", line 89, in _execute
    return self.cursor.execute(sql, params)
  File "/Users/imacson/Desktop/python_project/HomeworkDjangoPython/venv/lib/python3.9/site-packages/django/db/backends/sqlite3/base.py", line 328, in execute
    return super().execute(query, params)
sqlite3.OperationalError: no such column: Homework2app_product.description

The above exception was the direct cause of the following exception:

Traceback (most recent call last):
  File "/Users/imacson/Desktop/python_project/HomeworkDjangoPython/venv/lib/python3.9/site-packages/django/core/handlers/exception.py", line 55, in inner
    response = get_response(request)
  File "/Users/imacson/Desktop/python_project/HomeworkDjangoPython/venv/lib/python3.9/site-packages/django/core/handlers/base.py", line 197, in _get_response
    response = wrapped_callback(request, *callback_args, **callback_kwargs)
  File "/Users/imacson/Desktop/python_project/HomeworkDjangoPython/venv/lib/python3.9/site-packages/django/contrib/admin/options.py", line 688, in wrapper
    return self.admin_site.admin_view(view)(*args, **kwargs)
  File "/Users/imacson/Desktop/python_project/HomeworkDjangoPython/venv/lib/python3.9/site-packages/django/utils/decorators.py", line 134, in _wrapper_view
    response = view_func(request, *args, **kwargs)
  File "/Users/imacson/Desktop/python_project/HomeworkDjangoPython/venv/lib/python3.9/site-packages/django/views/decorators/cache.py", line 62, in _wrapper_view_func
    response = view_func(request, *args, **kwargs)
  File "/Users/imacson/Desktop/python_project/HomeworkDjangoPython/venv/lib/python3.9/site-packages/django/contrib/admin/sites.py", line 242, in inner
    return view(request, *args, **kwargs)
  File "/Users/imacson/Desktop/python_project/HomeworkDjangoPython/venv/lib/python3.9/site-packages/django/utils/decorators.py", line 46, in _wrapper
    return bound_method(*args, **kwargs)
  File "/Users/imacson/Desktop/python_project/HomeworkDjangoPython/venv/lib/python3.9/site-packages/django/utils/decorators.py", line 134, in _wrapper_view
    response = view_func(request, *args, **kwargs)
  File "/Users/imacson/Desktop/python_project/HomeworkDjangoPython/venv/lib/python3.9/site-packages/django/contrib/admin/options.py", line 2065, in changelist_view
    "selection_note": _("0 of %(cnt)s selected") % {"cnt": len(cl.result_list)},
  File "/Users/imacson/Desktop/python_project/HomeworkDjangoPython/venv/lib/python3.9/site-packages/django/db/models/query.py", line 380, in __len__
    self._fetch_all()
  File "/Users/imacson/Desktop/python_project/HomeworkDjangoPython/venv/lib/python3.9/site-packages/django/db/models/query.py", line 1881, in _fetch_all
    self._result_cache = list(self._iterable_class(self))
  File "/Users/imacson/Desktop/python_project/HomeworkDjangoPython/venv/lib/python3.9/site-packages/django/db/models/query.py", line 91, in __iter__
    results = compiler.execute_sql(
  File "/Users/imacson/Desktop/python_project/HomeworkDjangoPython/venv/lib/python3.9/site-packages/django/db/models/sql/compiler.py", line 1562, in execute_sql
    cursor.execute(sql, params)
  File "/Users/imacson/Desktop/python_project/HomeworkDjangoPython/venv/lib/python3.9/site-packages/django/db/backends/utils.py", line 102, in execute
    return super().execute(sql, params)
  File "/Users/imacson/Desktop/python_project/HomeworkDjangoPython/venv/lib/python3.9/site-packages/django/db/backends/utils.py", line 67, in execute
    return self._execute_with_wrappers(
  File "/Users/imacson/Desktop/python_project/HomeworkDjangoPython/venv/lib/python3.9/site-packages/django/db/backends/utils.py", line 80, in _execute_with_wrappers
    return executor(sql, params, many, context)
  File "/Users/imacson/Desktop/python_project/HomeworkDjangoPython/venv/lib/python3.9/site-packages/django/db/backends/utils.py", line 89, in _execute
    return self.cursor.execute(sql, params)
  File "/Users/imacson/Desktop/python_project/HomeworkDjangoPython/venv/lib/python3.9/site-packages/django/db/utils.py", line 91, in __exit__
    raise dj_exc_value.with_traceback(traceback) from exc_value
  File "/Users/imacson/Desktop/python_project/HomeworkDjangoPython/venv/lib/python3.9/site-packages/django/db/backends/utils.py", line 89, in _execute
    return self.cursor.execute(sql, params)
  File "/Users/imacson/Desktop/python_project/HomeworkDjangoPython/venv/lib/python3.9/site-packages/django/db/backends/sqlite3/base.py", line 328, in execute
    return super().execute(query, params)
django.db.utils.OperationalError: no such column: Homework2app_product.description
2023-09-03 18:52:53,047 - ERROR - basehttp - basehttp.py - "GET /admin/Homework2app/product/ HTTP/1.1" 500 156808
2023-09-03 18:53:40,489 - ERROR - log - log.py - Internal Server Error: /admin/Homework2app/product/
Traceback (most recent call last):
  File "/Users/imacson/Desktop/python_project/HomeworkDjangoPython/venv/lib/python3.9/site-packages/django/db/backends/utils.py", line 89, in _execute
    return self.cursor.execute(sql, params)
  File "/Users/imacson/Desktop/python_project/HomeworkDjangoPython/venv/lib/python3.9/site-packages/django/db/backends/sqlite3/base.py", line 328, in execute
    return super().execute(query, params)
sqlite3.OperationalError: no such column: Homework2app_product.description

The above exception was the direct cause of the following exception:

Traceback (most recent call last):
  File "/Users/imacson/Desktop/python_project/HomeworkDjangoPython/venv/lib/python3.9/site-packages/django/core/handlers/exception.py", line 55, in inner
    response = get_response(request)
  File "/Users/imacson/Desktop/python_project/HomeworkDjangoPython/venv/lib/python3.9/site-packages/django/core/handlers/base.py", line 197, in _get_response
    response = wrapped_callback(request, *callback_args, **callback_kwargs)
  File "/Users/imacson/Desktop/python_project/HomeworkDjangoPython/venv/lib/python3.9/site-packages/django/contrib/admin/options.py", line 688, in wrapper
    return self.admin_site.admin_view(view)(*args, **kwargs)
  File "/Users/imacson/Desktop/python_project/HomeworkDjangoPython/venv/lib/python3.9/site-packages/django/utils/decorators.py", line 134, in _wrapper_view
    response = view_func(request, *args, **kwargs)
  File "/Users/imacson/Desktop/python_project/HomeworkDjangoPython/venv/lib/python3.9/site-packages/django/views/decorators/cache.py", line 62, in _wrapper_view_func
    response = view_func(request, *args, **kwargs)
  File "/Users/imacson/Desktop/python_project/HomeworkDjangoPython/venv/lib/python3.9/site-packages/django/contrib/admin/sites.py", line 242, in inner
    return view(request, *args, **kwargs)
  File "/Users/imacson/Desktop/python_project/HomeworkDjangoPython/venv/lib/python3.9/site-packages/django/utils/decorators.py", line 46, in _wrapper
    return bound_method(*args, **kwargs)
  File "/Users/imacson/Desktop/python_project/HomeworkDjangoPython/venv/lib/python3.9/site-packages/django/utils/decorators.py", line 134, in _wrapper_view
    response = view_func(request, *args, **kwargs)
  File "/Users/imacson/Desktop/python_project/HomeworkDjangoPython/venv/lib/python3.9/site-packages/django/contrib/admin/options.py", line 2065, in changelist_view
    "selection_note": _("0 of %(cnt)s selected") % {"cnt": len(cl.result_list)},
  File "/Users/imacson/Desktop/python_project/HomeworkDjangoPython/venv/lib/python3.9/site-packages/django/db/models/query.py", line 380, in __len__
    self._fetch_all()
  File "/Users/imacson/Desktop/python_project/HomeworkDjangoPython/venv/lib/python3.9/site-packages/django/db/models/query.py", line 1881, in _fetch_all
    self._result_cache = list(self._iterable_class(self))
  File "/Users/imacson/Desktop/python_project/HomeworkDjangoPython/venv/lib/python3.9/site-packages/django/db/models/query.py", line 91, in __iter__
    results = compiler.execute_sql(
  File "/Users/imacson/Desktop/python_project/HomeworkDjangoPython/venv/lib/python3.9/site-packages/django/db/models/sql/compiler.py", line 1562, in execute_sql
    cursor.execute(sql, params)
  File "/Users/imacson/Desktop/python_project/HomeworkDjangoPython/venv/lib/python3.9/site-packages/django/db/backends/utils.py", line 102, in execute
    return super().execute(sql, params)
  File "/Users/imacson/Desktop/python_project/HomeworkDjangoPython/venv/lib/python3.9/site-packages/django/db/backends/utils.py", line 67, in execute
    return self._execute_with_wrappers(
  File "/Users/imacson/Desktop/python_project/HomeworkDjangoPython/venv/lib/python3.9/site-packages/django/db/backends/utils.py", line 80, in _execute_with_wrappers
    return executor(sql, params, many, context)
  File "/Users/imacson/Desktop/python_project/HomeworkDjangoPython/venv/lib/python3.9/site-packages/django/db/backends/utils.py", line 89, in _execute
    return self.cursor.execute(sql, params)
  File "/Users/imacson/Desktop/python_project/HomeworkDjangoPython/venv/lib/python3.9/site-packages/django/db/utils.py", line 91, in __exit__
    raise dj_exc_value.with_traceback(traceback) from exc_value
  File "/Users/imacson/Desktop/python_project/HomeworkDjangoPython/venv/lib/python3.9/site-packages/django/db/backends/utils.py", line 89, in _execute
    return self.cursor.execute(sql, params)
  File "/Users/imacson/Desktop/python_project/HomeworkDjangoPython/venv/lib/python3.9/site-packages/django/db/backends/sqlite3/base.py", line 328, in execute
    return super().execute(query, params)
django.db.utils.OperationalError: no such column: Homework2app_product.description
2023-09-03 18:53:40,491 - ERROR - basehttp - basehttp.py - "GET /admin/Homework2app/product/ HTTP/1.1" 500 156808
2023-09-03 18:53:44,628 - INFO - basehttp - basehttp.py - "GET /admin/Homework2app/products/ HTTP/1.1" 200 32088
2023-09-03 18:53:44,639 - INFO - basehttp - basehttp.py - "GET /admin/jsi18n/ HTTP/1.1" 200 3343
2023-09-03 18:54:01,158 - INFO - basehttp - basehttp.py - "GET /admin/Homework2app/products/62/change/ HTTP/1.1" 200 12823
2023-09-03 18:54:01,169 - INFO - basehttp - basehttp.py - "GET /admin/jsi18n/ HTTP/1.1" 200 3343
2023-09-03 18:55:07,934 - INFO - basehttp - basehttp.py - "GET /admin/Homework2app/products/69/change/ HTTP/1.1" 200 12733
2023-09-03 18:55:07,946 - INFO - basehttp - basehttp.py - "GET /admin/jsi18n/ HTTP/1.1" 200 3343
2023-09-03 18:55:35,224 - INFO - basehttp - basehttp.py - "GET /admin/Homework2app/products/98/change/ HTTP/1.1" 200 12699
2023-09-03 18:55:35,236 - INFO - basehttp - basehttp.py - "GET /admin/jsi18n/ HTTP/1.1" 200 3343
2023-09-03 18:56:05,469 - INFO - basehttp - basehttp.py - "GET /admin/Homework2app/client/ HTTP/1.1" 200 38318
2023-09-03 18:56:05,480 - INFO - basehttp - basehttp.py - "GET /admin/jsi18n/ HTTP/1.1" 200 3343
2023-09-03 18:56:20,664 - INFO - basehttp - basehttp.py - "GET /admin/Homework2app/client/100/change/ HTTP/1.1" 200 11965
2023-09-03 18:56:20,675 - INFO - basehttp - basehttp.py - "GET /admin/jsi18n/ HTTP/1.1" 200 3343
2023-09-03 18:56:37,409 - INFO - basehttp - basehttp.py - "GET /admin/Homework2app/client/29/change/ HTTP/1.1" 200 12003
2023-09-03 18:56:37,423 - INFO - basehttp - basehttp.py - "GET /admin/jsi18n/ HTTP/1.1" 200 3343
2023-09-03 18:56:46,182 - INFO - basehttp - basehttp.py - "GET /admin/Homework2app/client/?p=2 HTTP/1.1" 200 11478
2023-09-03 18:56:46,194 - INFO - basehttp - basehttp.py - "GET /admin/jsi18n/ HTTP/1.1" 200 3343
2023-09-03 18:56:47,919 - INFO - basehttp - basehttp.py - "GET /admin/Homework2app/client/3/change/?_changelist_filters=p%3D2 HTTP/1.1" 200 11923
2023-09-03 18:56:47,931 - INFO - basehttp - basehttp.py - "GET /admin/jsi18n/ HTTP/1.1" 200 3343
2023-09-03 18:56:52,167 - INFO - basehttp - basehttp.py - "GET /admin/Homework2app/client/1/change/?_changelist_filters=p%3D2 HTTP/1.1" 200 11751
2023-09-03 18:56:52,177 - INFO - basehttp - basehttp.py - "GET /admin/jsi18n/ HTTP/1.1" 200 3343
2023-09-03 18:56:53,923 - INFO - basehttp - basehttp.py - "GET /admin/Homework2app/client/1/delete/?_changelist_filters=p%3D2 HTTP/1.1" 200 9574
2023-09-03 18:56:53,937 - INFO - basehttp - basehttp.py - "GET /static/admin/js/cancel.js HTTP/1.1" 200 884
2023-09-03 18:56:58,366 - INFO - basehttp - basehttp.py - "POST /admin/Homework2app/client/1/delete/?_changelist_filters=p%3D2 HTTP/1.1" 302 0
2023-09-03 18:56:58,386 - INFO - basehttp - basehttp.py - "GET /admin/Homework2app/client/?p=2 HTTP/1.1" 200 11395
2023-09-03 18:56:58,397 - INFO - basehttp - basehttp.py - "GET /admin/jsi18n/ HTTP/1.1" 200 3343
2023-09-03 18:57:00,754 - INFO - basehttp - basehttp.py - "GET /admin/Homework2app/order/ HTTP/1.1" 200 37557
2023-09-03 18:57:00,764 - INFO - basehttp - basehttp.py - "GET /admin/jsi18n/ HTTP/1.1" 200 3343
2023-09-03 18:57:03,473 - INFO - basehttp - basehttp.py - "GET /admin/Homework2app/order/37/change/ HTTP/1.1" 200 28317
2023-09-03 18:57:03,484 - INFO - basehttp - basehttp.py - "GET /admin/jsi18n/ HTTP/1.1" 200 3343
2023-09-03 18:59:14,189 - INFO - autoreload - autoreload.py - Watching for file changes with StatReloader
2023-09-03 18:59:15,676 - INFO - basehttp - basehttp.py - "GET / HTTP/1.1" 200 767
2023-09-03 18:59:23,861 - INFO - basehttp - basehttp.py - "GET /admin/Homework2app/order/37/change/ HTTP/1.1" 200 28317
2023-09-03 18:59:23,874 - INFO - basehttp - basehttp.py - "GET /admin/jsi18n/ HTTP/1.1" 200 3343
2023-09-03 19:00:35,130 - INFO - autoreload - autoreload.py - /Users/imacson/Desktop/python_project/HomeworkDjangoPython/Homework/Homework2app/admin.py changed, reloading.
2023-09-03 19:00:35,461 - INFO - autoreload - autoreload.py - Watching for file changes with StatReloader
2023-09-03 19:01:33,109 - INFO - autoreload - autoreload.py - /Users/imacson/Desktop/python_project/HomeworkDjangoPython/Homework/Homework2app/admin.py changed, reloading.
2023-09-03 19:01:33,419 - INFO - autoreload - autoreload.py - Watching for file changes with StatReloader
2023-09-03 19:02:15,933 - INFO - autoreload - autoreload.py - /Users/imacson/Desktop/python_project/HomeworkDjangoPython/Homework/Homework2app/admin.py changed, reloading.
2023-09-03 19:02:16,255 - INFO - autoreload - autoreload.py - Watching for file changes with StatReloader
2023-09-03 19:02:32,575 - INFO - autoreload - autoreload.py - /Users/imacson/Desktop/python_project/HomeworkDjangoPython/Homework/Homework2app/admin.py changed, reloading.
2023-09-03 19:02:32,884 - INFO - autoreload - autoreload.py - Watching for file changes with StatReloader
2023-09-03 19:03:21,470 - INFO - autoreload - autoreload.py - /Users/imacson/Desktop/python_project/HomeworkDjangoPython/Homework/Homework2app/admin.py changed, reloading.
2023-09-03 19:03:21,782 - INFO - autoreload - autoreload.py - Watching for file changes with StatReloader
2023-09-03 19:03:33,050 - INFO - autoreload - autoreload.py - /Users/imacson/Desktop/python_project/HomeworkDjangoPython/Homework/Homework2app/admin.py changed, reloading.
2023-09-03 19:03:33,365 - INFO - autoreload - autoreload.py - Watching for file changes with StatReloader
2023-09-03 19:14:58,042 - INFO - autoreload - autoreload.py - /Users/imacson/Desktop/python_project/HomeworkDjangoPython/Homework/Homework2app/admin.py changed, reloading.
2023-09-03 19:14:58,449 - INFO - autoreload - autoreload.py - Watching for file changes with StatReloader
2023-09-04 15:45:26,871 - INFO - autoreload - autoreload.py - Watching for file changes with StatReloader
2023-09-04 15:46:17,973 - INFO - autoreload - autoreload.py - Watching for file changes with StatReloader
2023-09-04 15:46:43,561 - INFO - autoreload - autoreload.py - Watching for file changes with StatReloader
2023-09-04 15:47:20,494 - INFO - autoreload - autoreload.py - Watching for file changes with StatReloader
2023-09-04 15:48:33,170 - INFO - autoreload - autoreload.py - Watching for file changes with StatReloader
2023-09-04 15:49:56,413 - INFO - autoreload - autoreload.py - Watching for file changes with StatReloader
2023-09-04 15:50:01,603 - INFO - autoreload - autoreload.py - /Users/imacson/Desktop/python_project/HomeworkDjangoPython/Homework/Homework2app/models.py changed, reloading.
2023-09-04 15:50:01,988 - INFO - autoreload - autoreload.py - Watching for file changes with StatReloader
2023-09-04 15:50:04,562 - INFO - autoreload - autoreload.py - Watching for file changes with StatReloader
2023-09-04 15:51:32,152 - INFO - autoreload - autoreload.py - Watching for file changes with StatReloader
2023-09-04 15:53:03,008 - INFO - autoreload - autoreload.py - /Users/imacson/Desktop/python_project/HomeworkDjangoPython/Homework/Homework2app/models.py changed, reloading.
2023-09-04 15:53:03,325 - INFO - autoreload - autoreload.py - Watching for file changes with StatReloader
2023-09-04 15:53:20,932 - INFO - autoreload - autoreload.py - Watching for file changes with StatReloader
2023-09-04 15:55:53,737 - INFO - autoreload - autoreload.py - Watching for file changes with StatReloader
2023-09-04 15:56:30,310 - INFO - autoreload - autoreload.py - Watching for file changes with StatReloader
2023-09-04 15:56:35,204 - INFO - basehttp - basehttp.py - "GET / HTTP/1.1" 200 767
2023-09-04 15:56:35,383 - INFO - basehttp - basehttp.py - "GET /static/Homework2app/css/styles.css HTTP/1.1" 304 0
2023-09-04 15:56:58,642 - INFO - autoreload - autoreload.py - Watching for file changes with StatReloader
2023-09-04 15:57:06,451 - INFO - basehttp - basehttp.py - "GET /product_list HTTP/1.1" 200 6417
2023-09-04 15:57:07,694 - INFO - basehttp - basehttp.py - "GET /report HTTP/1.1" 200 11999
2023-09-04 15:57:08,503 - INFO - basehttp - basehttp.py - "GET /index HTTP/1.1" 200 767
2023-09-04 15:57:09,488 - INFO - basehttp - basehttp.py - "GET /client HTTP/1.1" 200 15763
2023-09-04 15:57:22,492 - INFO - autoreload - autoreload.py - Watching for file changes with StatReloader
2023-09-06 16:01:47,864 - INFO - autoreload - autoreload.py - Watching for file changes with StatReloader
2023-09-06 16:03:34,204 - INFO - autoreload - autoreload.py - /Users/imacson/Desktop/python_project/HomeworkDjangoPython/Homework/Homework/settings.py changed, reloading.
2023-09-06 16:03:34,597 - INFO - autoreload - autoreload.py - Watching for file changes with StatReloader
2023-09-06 16:04:09,029 - INFO - autoreload - autoreload.py - /Users/imacson/Desktop/python_project/HomeworkDjangoPython/Homework/Homework/settings.py changed, reloading.
2023-09-06 16:04:09,376 - INFO - autoreload - autoreload.py - Watching for file changes with StatReloader
